{"/home/user/lumby-vibes/src/data/EnemyData.js": {"path":"/home/user/lumby-vibes/src/data/EnemyData.js","statementMap":{"0":{"start":{"line":5,"column":26},"end":{"line":493,"column":1}},"1":{"start":{"line":496,"column":31},"end":{"line":526,"column":1}},"2":{"start":{"line":529,"column":4},"end":{"line":529,"column":45}},"3":{"start":{"line":533,"column":20},"end":{"line":533,"column":22}},"4":{"start":{"line":534,"column":4},"end":{"line":540,"column":5}},"5":{"start":{"line":535,"column":8},"end":{"line":539,"column":9}},"6":{"start":{"line":536,"column":12},"end":{"line":538,"column":13}},"7":{"start":{"line":537,"column":16},"end":{"line":537,"column":58}},"8":{"start":{"line":541,"column":4},"end":{"line":541,"column":19}}},"fnMap":{"0":{"name":"getEnemyData","decl":{"start":{"line":528,"column":16},"end":{"line":528,"column":28}},"loc":{"start":{"line":528,"column":38},"end":{"line":530,"column":1}},"line":528},"1":{"name":"getEnemiesByLocation","decl":{"start":{"line":532,"column":16},"end":{"line":532,"column":36}},"loc":{"start":{"line":532,"column":47},"end":{"line":542,"column":1}},"line":532}},"branchMap":{"0":{"loc":{"start":{"line":536,"column":12},"end":{"line":538,"column":13}},"type":"if","locations":[{"start":{"line":536,"column":12},"end":{"line":538,"column":13}},{"start":{},"end":{}}],"line":536}},"s":{"0":1,"1":1,"2":0,"3":0,"4":0,"5":0,"6":0,"7":0,"8":0},"f":{"0":0,"1":0},"b":{"0":[0,0]},"_coverageSchema":"1a1c01bbd47fc00a2c39e90264f33305004495a9","hash":"95430491fef1b157df2541cdea4743fc73eab042"}
,"/home/user/lumby-vibes/src/data/NPCData.js": {"path":"/home/user/lumby-vibes/src/data/NPCData.js","statementMap":{"0":{"start":{"line":5,"column":24},"end":{"line":536,"column":1}},"1":{"start":{"line":540,"column":4},"end":{"line":544,"column":5}},"2":{"start":{"line":541,"column":8},"end":{"line":543,"column":9}},"3":{"start":{"line":542,"column":12},"end":{"line":542,"column":23}},"4":{"start":{"line":545,"column":4},"end":{"line":545,"column":16}}},"fnMap":{"0":{"name":"getNPCData","decl":{"start":{"line":539,"column":16},"end":{"line":539,"column":26}},"loc":{"start":{"line":539,"column":33},"end":{"line":546,"column":1}},"line":539}},"branchMap":{"0":{"loc":{"start":{"line":541,"column":8},"end":{"line":543,"column":9}},"type":"if","locations":[{"start":{"line":541,"column":8},"end":{"line":543,"column":9}},{"start":{},"end":{}}],"line":541}},"s":{"0":1,"1":0,"2":0,"3":0,"4":0},"f":{"0":0},"b":{"0":[0,0]},"_coverageSchema":"1a1c01bbd47fc00a2c39e90264f33305004495a9","hash":"4f8d36cd5ae90b2ad911fe7141f0ed5ba82f3bbe"}
,"/home/user/lumby-vibes/src/engine/GameEngine.js": {"path":"/home/user/lumby-vibes/src/engine/GameEngine.js","statementMap":{"0":{"start":{"line":8,"column":8},"end":{"line":8,"column":26}},"1":{"start":{"line":9,"column":8},"end":{"line":9,"column":27}},"2":{"start":{"line":10,"column":8},"end":{"line":10,"column":29}},"3":{"start":{"line":11,"column":8},"end":{"line":11,"column":39}},"4":{"start":{"line":12,"column":8},"end":{"line":12,"column":23}},"5":{"start":{"line":13,"column":8},"end":{"line":13,"column":47}},"6":{"start":{"line":14,"column":8},"end":{"line":14,"column":41}},"7":{"start":{"line":15,"column":8},"end":{"line":15,"column":61}},"8":{"start":{"line":17,"column":8},"end":{"line":17,"column":27}},"9":{"start":{"line":18,"column":8},"end":{"line":18,"column":34}},"10":{"start":{"line":19,"column":8},"end":{"line":19,"column":34}},"11":{"start":{"line":21,"column":8},"end":{"line":21,"column":31}},"12":{"start":{"line":22,"column":8},"end":{"line":22,"column":33}},"13":{"start":{"line":30,"column":8},"end":{"line":30,"column":39}},"14":{"start":{"line":31,"column":8},"end":{"line":31,"column":58}},"15":{"start":{"line":32,"column":8},"end":{"line":32,"column":59}},"16":{"start":{"line":35,"column":8},"end":{"line":40,"column":10}},"17":{"start":{"line":41,"column":8},"end":{"line":41,"column":44}},"18":{"start":{"line":42,"column":8},"end":{"line":42,"column":36}},"19":{"start":{"line":45,"column":8},"end":{"line":52,"column":11}},"20":{"start":{"line":54,"column":8},"end":{"line":54,"column":69}},"21":{"start":{"line":55,"column":8},"end":{"line":55,"column":74}},"22":{"start":{"line":56,"column":8},"end":{"line":56,"column":47}},"23":{"start":{"line":57,"column":8},"end":{"line":57,"column":62}},"24":{"start":{"line":58,"column":8},"end":{"line":58,"column":58}},"25":{"start":{"line":59,"column":8},"end":{"line":59,"column":64}},"26":{"start":{"line":60,"column":8},"end":{"line":60,"column":48}},"27":{"start":{"line":63,"column":8},"end":{"line":63,"column":29}},"28":{"start":{"line":66,"column":8},"end":{"line":66,"column":78}},"29":{"start":{"line":66,"column":48},"end":{"line":66,"column":69}},"30":{"start":{"line":69,"column":8},"end":{"line":69,"column":85}},"31":{"start":{"line":69,"column":57},"end":{"line":69,"column":76}},"32":{"start":{"line":70,"column":8},"end":{"line":70,"column":77}},"33":{"start":{"line":70,"column":53},"end":{"line":70,"column":68}},"34":{"start":{"line":71,"column":8},"end":{"line":71,"column":88}},"35":{"start":{"line":71,"column":59},"end":{"line":71,"column":79}},"36":{"start":{"line":73,"column":8},"end":{"line":73,"column":39}},"37":{"start":{"line":81,"column":29},"end":{"line":81,"column":66}},"38":{"start":{"line":82,"column":8},"end":{"line":82,"column":37}},"39":{"start":{"line":85,"column":25},"end":{"line":85,"column":66}},"40":{"start":{"line":86,"column":8},"end":{"line":86,"column":43}},"41":{"start":{"line":87,"column":8},"end":{"line":87,"column":35}},"42":{"start":{"line":90,"column":8},"end":{"line":90,"column":45}},"43":{"start":{"line":91,"column":8},"end":{"line":91,"column":46}},"44":{"start":{"line":92,"column":8},"end":{"line":92,"column":42}},"45":{"start":{"line":93,"column":8},"end":{"line":93,"column":41}},"46":{"start":{"line":94,"column":8},"end":{"line":94,"column":43}},"47":{"start":{"line":95,"column":8},"end":{"line":95,"column":43}},"48":{"start":{"line":96,"column":8},"end":{"line":96,"column":41}},"49":{"start":{"line":97,"column":8},"end":{"line":97,"column":45}},"50":{"start":{"line":98,"column":8},"end":{"line":98,"column":39}},"51":{"start":{"line":100,"column":8},"end":{"line":100,"column":33}},"52":{"start":{"line":103,"column":26},"end":{"line":103,"column":76}},"53":{"start":{"line":104,"column":8},"end":{"line":104,"column":34}},"54":{"start":{"line":111,"column":8},"end":{"line":111,"column":40}},"55":{"start":{"line":112,"column":28},"end":{"line":112,"column":71}},"56":{"start":{"line":113,"column":28},"end":{"line":113,"column":67}},"57":{"start":{"line":115,"column":8},"end":{"line":117,"column":9}},"58":{"start":{"line":116,"column":12},"end":{"line":116,"column":53}},"59":{"start":{"line":119,"column":8},"end":{"line":131,"column":9}},"60":{"start":{"line":120,"column":29},"end":{"line":128,"column":13}},"61":{"start":{"line":129,"column":26},"end":{"line":129,"column":78}},"62":{"start":{"line":130,"column":12},"end":{"line":130,"column":54}},"63":{"start":{"line":138,"column":30},"end":{"line":138,"column":71}},"64":{"start":{"line":139,"column":8},"end":{"line":143,"column":9}},"65":{"start":{"line":140,"column":12},"end":{"line":142,"column":20}},"66":{"start":{"line":141,"column":16},"end":{"line":141,"column":54}},"67":{"start":{"line":150,"column":8},"end":{"line":152,"column":9}},"68":{"start":{"line":151,"column":12},"end":{"line":151,"column":40}},"69":{"start":{"line":153,"column":8},"end":{"line":153,"column":35}},"70":{"start":{"line":160,"column":8},"end":{"line":162,"column":9}},"71":{"start":{"line":161,"column":12},"end":{"line":161,"column":43}},"72":{"start":{"line":163,"column":22},"end":{"line":163,"column":51}},"73":{"start":{"line":164,"column":8},"end":{"line":166,"column":9}},"74":{"start":{"line":165,"column":12},"end":{"line":165,"column":43}},"75":{"start":{"line":173,"column":8},"end":{"line":173,"column":44}},"76":{"start":{"line":180,"column":8},"end":{"line":180,"column":44}},"77":{"start":{"line":187,"column":8},"end":{"line":187,"column":68}},"78":{"start":{"line":188,"column":8},"end":{"line":188,"column":45}},"79":{"start":{"line":189,"column":8},"end":{"line":189,"column":69}},"80":{"start":{"line":196,"column":8},"end":{"line":196,"column":67}},"81":{"start":{"line":197,"column":8},"end":{"line":197,"column":69}},"82":{"start":{"line":204,"column":8},"end":{"line":204,"column":62}},"83":{"start":{"line":205,"column":27},"end":{"line":205,"column":85}},"84":{"start":{"line":207,"column":8},"end":{"line":218,"column":9}},"85":{"start":{"line":208,"column":34},"end":{"line":208,"column":54}},"86":{"start":{"line":211,"column":12},"end":{"line":217,"column":16}},"87":{"start":{"line":225,"column":8},"end":{"line":225,"column":31}},"88":{"start":{"line":227,"column":8},"end":{"line":227,"column":62}},"89":{"start":{"line":228,"column":27},"end":{"line":228,"column":85}},"90":{"start":{"line":230,"column":8},"end":{"line":243,"column":9}},"91":{"start":{"line":231,"column":34},"end":{"line":231,"column":54}},"92":{"start":{"line":234,"column":12},"end":{"line":242,"column":16}},"93":{"start":{"line":245,"column":8},"end":{"line":245,"column":21}},"94":{"start":{"line":252,"column":8},"end":{"line":252,"column":43}},"95":{"start":{"line":255,"column":8},"end":{"line":259,"column":9}},"96":{"start":{"line":256,"column":12},"end":{"line":258,"column":13}},"97":{"start":{"line":257,"column":16},"end":{"line":257,"column":42}},"98":{"start":{"line":262,"column":8},"end":{"line":264,"column":9}},"99":{"start":{"line":263,"column":12},"end":{"line":263,"column":33}},"100":{"start":{"line":272,"column":8},"end":{"line":274,"column":9}},"101":{"start":{"line":273,"column":12},"end":{"line":273,"column":23}},"102":{"start":{"line":276,"column":8},"end":{"line":276,"column":54}},"103":{"start":{"line":283,"column":8},"end":{"line":283,"column":36}},"104":{"start":{"line":283,"column":29},"end":{"line":283,"column":36}},"105":{"start":{"line":285,"column":8},"end":{"line":285,"column":53}},"106":{"start":{"line":285,"column":36},"end":{"line":285,"column":51}},"107":{"start":{"line":287,"column":8},"end":{"line":287,"column":22}},"108":{"start":{"line":288,"column":8},"end":{"line":288,"column":22}},"109":{"start":{"line":295,"column":8},"end":{"line":295,"column":30}},"110":{"start":{"line":296,"column":8},"end":{"line":296,"column":24}},"111":{"start":{"line":303,"column":8},"end":{"line":303,"column":31}},"112":{"start":{"line":310,"column":8},"end":{"line":310,"column":62}},"113":{"start":{"line":311,"column":8},"end":{"line":311,"column":74}}},"fnMap":{"0":{"name":"(anonymous_0)","decl":{"start":{"line":7,"column":4},"end":{"line":7,"column":5}},"loc":{"start":{"line":7,"column":18},"end":{"line":23,"column":5}},"line":7},"1":{"name":"(anonymous_1)","decl":{"start":{"line":28,"column":4},"end":{"line":28,"column":5}},"loc":{"start":{"line":28,"column":17},"end":{"line":74,"column":5}},"line":28},"2":{"name":"(anonymous_2)","decl":{"start":{"line":66,"column":42},"end":{"line":66,"column":43}},"loc":{"start":{"line":66,"column":48},"end":{"line":66,"column":69}},"line":66},"3":{"name":"(anonymous_3)","decl":{"start":{"line":69,"column":50},"end":{"line":69,"column":51}},"loc":{"start":{"line":69,"column":57},"end":{"line":69,"column":76}},"line":69},"4":{"name":"(anonymous_4)","decl":{"start":{"line":70,"column":46},"end":{"line":70,"column":47}},"loc":{"start":{"line":70,"column":53},"end":{"line":70,"column":68}},"line":70},"5":{"name":"(anonymous_5)","decl":{"start":{"line":71,"column":52},"end":{"line":71,"column":53}},"loc":{"start":{"line":71,"column":59},"end":{"line":71,"column":79}},"line":71},"6":{"name":"(anonymous_6)","decl":{"start":{"line":79,"column":4},"end":{"line":79,"column":5}},"loc":{"start":{"line":79,"column":20},"end":{"line":105,"column":5}},"line":79},"7":{"name":"(anonymous_7)","decl":{"start":{"line":110,"column":4},"end":{"line":110,"column":5}},"loc":{"start":{"line":110,"column":36},"end":{"line":132,"column":5}},"line":110},"8":{"name":"(anonymous_8)","decl":{"start":{"line":137,"column":4},"end":{"line":137,"column":5}},"loc":{"start":{"line":137,"column":24},"end":{"line":144,"column":5}},"line":137},"9":{"name":"(anonymous_9)","decl":{"start":{"line":140,"column":23},"end":{"line":140,"column":24}},"loc":{"start":{"line":140,"column":29},"end":{"line":142,"column":13}},"line":140},"10":{"name":"(anonymous_10)","decl":{"start":{"line":149,"column":4},"end":{"line":149,"column":5}},"loc":{"start":{"line":149,"column":22},"end":{"line":154,"column":5}},"line":149},"11":{"name":"(anonymous_11)","decl":{"start":{"line":159,"column":4},"end":{"line":159,"column":5}},"loc":{"start":{"line":159,"column":25},"end":{"line":167,"column":5}},"line":159},"12":{"name":"(anonymous_12)","decl":{"start":{"line":172,"column":4},"end":{"line":172,"column":5}},"loc":{"start":{"line":172,"column":23},"end":{"line":174,"column":5}},"line":172},"13":{"name":"(anonymous_13)","decl":{"start":{"line":179,"column":4},"end":{"line":179,"column":5}},"loc":{"start":{"line":179,"column":23},"end":{"line":181,"column":5}},"line":179},"14":{"name":"(anonymous_14)","decl":{"start":{"line":186,"column":4},"end":{"line":186,"column":5}},"loc":{"start":{"line":186,"column":21},"end":{"line":190,"column":5}},"line":186},"15":{"name":"(anonymous_15)","decl":{"start":{"line":195,"column":4},"end":{"line":195,"column":5}},"loc":{"start":{"line":195,"column":23},"end":{"line":198,"column":5}},"line":195},"16":{"name":"(anonymous_16)","decl":{"start":{"line":203,"column":4},"end":{"line":203,"column":5}},"loc":{"start":{"line":203,"column":19},"end":{"line":219,"column":5}},"line":203},"17":{"name":"(anonymous_17)","decl":{"start":{"line":224,"column":4},"end":{"line":224,"column":5}},"loc":{"start":{"line":224,"column":24},"end":{"line":246,"column":5}},"line":224},"18":{"name":"(anonymous_18)","decl":{"start":{"line":251,"column":4},"end":{"line":251,"column":5}},"loc":{"start":{"line":251,"column":13},"end":{"line":265,"column":5}},"line":251},"19":{"name":"(anonymous_19)","decl":{"start":{"line":270,"column":4},"end":{"line":270,"column":5}},"loc":{"start":{"line":270,"column":13},"end":{"line":277,"column":5}},"line":270},"20":{"name":"(anonymous_20)","decl":{"start":{"line":282,"column":4},"end":{"line":282,"column":5}},"loc":{"start":{"line":282,"column":15},"end":{"line":289,"column":5}},"line":282},"21":{"name":"(anonymous_21)","decl":{"start":{"line":285,"column":30},"end":{"line":285,"column":31}},"loc":{"start":{"line":285,"column":36},"end":{"line":285,"column":51}},"line":285},"22":{"name":"(anonymous_22)","decl":{"start":{"line":294,"column":4},"end":{"line":294,"column":5}},"loc":{"start":{"line":294,"column":12},"end":{"line":297,"column":5}},"line":294},"23":{"name":"(anonymous_23)","decl":{"start":{"line":302,"column":4},"end":{"line":302,"column":5}},"loc":{"start":{"line":302,"column":11},"end":{"line":304,"column":5}},"line":302},"24":{"name":"(anonymous_24)","decl":{"start":{"line":309,"column":4},"end":{"line":309,"column":5}},"loc":{"start":{"line":309,"column":28},"end":{"line":312,"column":5}},"line":309}},"branchMap":{"0":{"loc":{"start":{"line":115,"column":8},"end":{"line":117,"column":9}},"type":"if","locations":[{"start":{"line":115,"column":8},"end":{"line":117,"column":9}},{"start":{},"end":{}}],"line":115},"1":{"loc":{"start":{"line":119,"column":8},"end":{"line":131,"column":9}},"type":"if","locations":[{"start":{"line":119,"column":8},"end":{"line":131,"column":9}},{"start":{},"end":{}}],"line":119},"2":{"loc":{"start":{"line":139,"column":8},"end":{"line":143,"column":9}},"type":"if","locations":[{"start":{"line":139,"column":8},"end":{"line":143,"column":9}},{"start":{},"end":{}}],"line":139},"3":{"loc":{"start":{"line":150,"column":8},"end":{"line":152,"column":9}},"type":"if","locations":[{"start":{"line":150,"column":8},"end":{"line":152,"column":9}},{"start":{},"end":{}}],"line":150},"4":{"loc":{"start":{"line":160,"column":8},"end":{"line":162,"column":9}},"type":"if","locations":[{"start":{"line":160,"column":8},"end":{"line":162,"column":9}},{"start":{},"end":{}}],"line":160},"5":{"loc":{"start":{"line":164,"column":8},"end":{"line":166,"column":9}},"type":"if","locations":[{"start":{"line":164,"column":8},"end":{"line":166,"column":9}},{"start":{},"end":{}}],"line":164},"6":{"loc":{"start":{"line":207,"column":8},"end":{"line":218,"column":9}},"type":"if","locations":[{"start":{"line":207,"column":8},"end":{"line":218,"column":9}},{"start":{},"end":{}}],"line":207},"7":{"loc":{"start":{"line":230,"column":8},"end":{"line":243,"column":9}},"type":"if","locations":[{"start":{"line":230,"column":8},"end":{"line":243,"column":9}},{"start":{},"end":{}}],"line":230},"8":{"loc":{"start":{"line":256,"column":12},"end":{"line":258,"column":13}},"type":"if","locations":[{"start":{"line":256,"column":12},"end":{"line":258,"column":13}},{"start":{},"end":{}}],"line":256},"9":{"loc":{"start":{"line":283,"column":8},"end":{"line":283,"column":36}},"type":"if","locations":[{"start":{"line":283,"column":8},"end":{"line":283,"column":36}},{"start":{},"end":{}}],"line":283}},"s":{"0":0,"1":0,"2":0,"3":0,"4":0,"5":0,"6":0,"7":0,"8":0,"9":0,"10":0,"11":0,"12":0,"13":0,"14":0,"15":0,"16":0,"17":0,"18":0,"19":0,"20":0,"21":0,"22":0,"23":0,"24":0,"25":0,"26":0,"27":0,"28":0,"29":0,"30":0,"31":0,"32":0,"33":0,"34":0,"35":0,"36":0,"37":0,"38":0,"39":0,"40":0,"41":0,"42":0,"43":0,"44":0,"45":0,"46":0,"47":0,"48":0,"49":0,"50":0,"51":0,"52":0,"53":0,"54":0,"55":0,"56":0,"57":0,"58":0,"59":0,"60":0,"61":0,"62":0,"63":0,"64":0,"65":0,"66":0,"67":0,"68":0,"69":0,"70":0,"71":0,"72":0,"73":0,"74":0,"75":0,"76":0,"77":0,"78":0,"79":0,"80":0,"81":0,"82":0,"83":0,"84":0,"85":0,"86":0,"87":0,"88":0,"89":0,"90":0,"91":0,"92":0,"93":0,"94":0,"95":0,"96":0,"97":0,"98":0,"99":0,"100":0,"101":0,"102":0,"103":0,"104":0,"105":0,"106":0,"107":0,"108":0,"109":0,"110":0,"111":0,"112":0,"113":0},"f":{"0":0,"1":0,"2":0,"3":0,"4":0,"5":0,"6":0,"7":0,"8":0,"9":0,"10":0,"11":0,"12":0,"13":0,"14":0,"15":0,"16":0,"17":0,"18":0,"19":0,"20":0,"21":0,"22":0,"23":0,"24":0},"b":{"0":[0,0],"1":[0,0],"2":[0,0],"3":[0,0],"4":[0,0],"5":[0,0],"6":[0,0],"7":[0,0],"8":[0,0],"9":[0,0]}}
,"/home/user/lumby-vibes/src/entities/Enemy.js": {"path":"/home/user/lumby-vibes/src/entities/Enemy.js","statementMap":{"0":{"start":{"line":11,"column":8},"end":{"line":11,"column":51}},"1":{"start":{"line":12,"column":8},"end":{"line":12,"column":51}},"2":{"start":{"line":13,"column":8},"end":{"line":13,"column":26}},"3":{"start":{"line":14,"column":8},"end":{"line":14,"column":35}},"4":{"start":{"line":15,"column":8},"end":{"line":15,"column":33}},"5":{"start":{"line":18,"column":22},"end":{"line":18,"column":75}},"6":{"start":{"line":19,"column":8},"end":{"line":19,"column":44}},"7":{"start":{"line":20,"column":8},"end":{"line":20,"column":38}},"8":{"start":{"line":21,"column":8},"end":{"line":21,"column":55}},"9":{"start":{"line":22,"column":8},"end":{"line":22,"column":36}},"10":{"start":{"line":23,"column":8},"end":{"line":25,"column":29}},"11":{"start":{"line":26,"column":8},"end":{"line":26,"column":33}},"12":{"start":{"line":29,"column":8},"end":{"line":29,"column":31}},"13":{"start":{"line":32,"column":8},"end":{"line":32,"column":30}},"14":{"start":{"line":33,"column":8},"end":{"line":33,"column":27}},"15":{"start":{"line":34,"column":8},"end":{"line":34,"column":32}},"16":{"start":{"line":35,"column":8},"end":{"line":35,"column":28}},"17":{"start":{"line":36,"column":8},"end":{"line":36,"column":30}},"18":{"start":{"line":37,"column":8},"end":{"line":37,"column":30}},"19":{"start":{"line":40,"column":8},"end":{"line":40,"column":31}},"20":{"start":{"line":41,"column":8},"end":{"line":41,"column":29}},"21":{"start":{"line":42,"column":8},"end":{"line":42,"column":52}},"22":{"start":{"line":43,"column":8},"end":{"line":43,"column":35}},"23":{"start":{"line":44,"column":8},"end":{"line":44,"column":33}},"24":{"start":{"line":47,"column":8},"end":{"line":47,"column":52}},"25":{"start":{"line":48,"column":8},"end":{"line":48,"column":49}},"26":{"start":{"line":51,"column":8},"end":{"line":51,"column":45}},"27":{"start":{"line":53,"column":8},"end":{"line":53,"column":26}},"28":{"start":{"line":60,"column":8},"end":{"line":83,"column":9}},"29":{"start":{"line":62,"column":16},"end":{"line":66,"column":18}},"30":{"start":{"line":68,"column":16},"end":{"line":72,"column":18}},"31":{"start":{"line":75,"column":16},"end":{"line":78,"column":18}},"32":{"start":{"line":80,"column":16},"end":{"line":82,"column":18}},"33":{"start":{"line":90,"column":22},"end":{"line":90,"column":39}},"34":{"start":{"line":93,"column":26},"end":{"line":93,"column":58}},"35":{"start":{"line":94,"column":21},"end":{"line":94,"column":47}},"36":{"start":{"line":97,"column":8},"end":{"line":111,"column":9}},"37":{"start":{"line":98,"column":12},"end":{"line":98,"column":48}},"38":{"start":{"line":99,"column":15},"end":{"line":111,"column":9}},"39":{"start":{"line":100,"column":12},"end":{"line":100,"column":44}},"40":{"start":{"line":101,"column":15},"end":{"line":111,"column":9}},"41":{"start":{"line":102,"column":12},"end":{"line":102,"column":47}},"42":{"start":{"line":103,"column":15},"end":{"line":111,"column":9}},"43":{"start":{"line":104,"column":12},"end":{"line":104,"column":59}},"44":{"start":{"line":105,"column":15},"end":{"line":111,"column":9}},"45":{"start":{"line":106,"column":12},"end":{"line":106,"column":59}},"46":{"start":{"line":107,"column":15},"end":{"line":111,"column":9}},"47":{"start":{"line":108,"column":12},"end":{"line":108,"column":59}},"48":{"start":{"line":110,"column":12},"end":{"line":110,"column":59}},"49":{"start":{"line":114,"column":8},"end":{"line":114,"column":32}},"50":{"start":{"line":117,"column":23},"end":{"line":117,"column":55}},"51":{"start":{"line":118,"column":24},"end":{"line":118,"column":47}},"52":{"start":{"line":119,"column":8},"end":{"line":119,"column":27}},"53":{"start":{"line":120,"column":8},"end":{"line":120,"column":27}},"54":{"start":{"line":121,"column":8},"end":{"line":121,"column":68}},"55":{"start":{"line":122,"column":8},"end":{"line":122,"column":41}},"56":{"start":{"line":123,"column":8},"end":{"line":123,"column":37}},"57":{"start":{"line":124,"column":8},"end":{"line":124,"column":66}},"58":{"start":{"line":126,"column":24},"end":{"line":126,"column":55}},"59":{"start":{"line":127,"column":31},"end":{"line":127,"column":73}},"60":{"start":{"line":128,"column":23},"end":{"line":128,"column":55}},"61":{"start":{"line":129,"column":8},"end":{"line":129,"column":32}},"62":{"start":{"line":130,"column":8},"end":{"line":130,"column":36}},"63":{"start":{"line":131,"column":8},"end":{"line":131,"column":26}},"64":{"start":{"line":132,"column":8},"end":{"line":132,"column":33}},"65":{"start":{"line":134,"column":8},"end":{"line":134,"column":43}},"66":{"start":{"line":135,"column":8},"end":{"line":135,"column":26}},"67":{"start":{"line":136,"column":8},"end":{"line":136,"column":41}},"68":{"start":{"line":137,"column":8},"end":{"line":137,"column":42}},"69":{"start":{"line":138,"column":8},"end":{"line":138,"column":54}},"70":{"start":{"line":146,"column":29},"end":{"line":146,"column":73}},"71":{"start":{"line":147,"column":29},"end":{"line":147,"column":79}},"72":{"start":{"line":148,"column":21},"end":{"line":148,"column":63}},"73":{"start":{"line":149,"column":8},"end":{"line":149,"column":37}},"74":{"start":{"line":150,"column":8},"end":{"line":150,"column":34}},"75":{"start":{"line":151,"column":8},"end":{"line":151,"column":31}},"76":{"start":{"line":152,"column":8},"end":{"line":152,"column":24}},"77":{"start":{"line":155,"column":29},"end":{"line":155,"column":73}},"78":{"start":{"line":156,"column":21},"end":{"line":156,"column":63}},"79":{"start":{"line":157,"column":8},"end":{"line":157,"column":53}},"80":{"start":{"line":158,"column":8},"end":{"line":158,"column":31}},"81":{"start":{"line":159,"column":8},"end":{"line":159,"column":24}},"82":{"start":{"line":162,"column":29},"end":{"line":162,"column":78}},"83":{"start":{"line":163,"column":29},"end":{"line":163,"column":79}},"84":{"start":{"line":164,"column":21},"end":{"line":164,"column":63}},"85":{"start":{"line":165,"column":8},"end":{"line":165,"column":54}},"86":{"start":{"line":166,"column":8},"end":{"line":166,"column":38}},"87":{"start":{"line":167,"column":8},"end":{"line":167,"column":24}},"88":{"start":{"line":169,"column":8},"end":{"line":169,"column":34}},"89":{"start":{"line":177,"column":29},"end":{"line":177,"column":86}},"90":{"start":{"line":178,"column":29},"end":{"line":178,"column":79}},"91":{"start":{"line":179,"column":21},"end":{"line":179,"column":63}},"92":{"start":{"line":180,"column":8},"end":{"line":180,"column":37}},"93":{"start":{"line":181,"column":8},"end":{"line":181,"column":31}},"94":{"start":{"line":182,"column":8},"end":{"line":182,"column":24}},"95":{"start":{"line":185,"column":29},"end":{"line":185,"column":86}},"96":{"start":{"line":186,"column":21},"end":{"line":186,"column":63}},"97":{"start":{"line":187,"column":8},"end":{"line":187,"column":53}},"98":{"start":{"line":188,"column":8},"end":{"line":188,"column":31}},"99":{"start":{"line":189,"column":8},"end":{"line":189,"column":24}},"100":{"start":{"line":192,"column":28},"end":{"line":192,"column":95}},"101":{"start":{"line":193,"column":28},"end":{"line":193,"column":78}},"102":{"start":{"line":195,"column":26},"end":{"line":200,"column":9}},"103":{"start":{"line":202,"column":8},"end":{"line":207,"column":11}},"104":{"start":{"line":203,"column":24},"end":{"line":203,"column":64}},"105":{"start":{"line":204,"column":12},"end":{"line":204,"column":37}},"106":{"start":{"line":205,"column":12},"end":{"line":205,"column":34}},"107":{"start":{"line":206,"column":12},"end":{"line":206,"column":27}},"108":{"start":{"line":209,"column":8},"end":{"line":209,"column":34}},"109":{"start":{"line":217,"column":29},"end":{"line":217,"column":80}},"110":{"start":{"line":218,"column":29},"end":{"line":218,"column":79}},"111":{"start":{"line":219,"column":21},"end":{"line":219,"column":63}},"112":{"start":{"line":220,"column":8},"end":{"line":220,"column":37}},"113":{"start":{"line":221,"column":8},"end":{"line":221,"column":31}},"114":{"start":{"line":222,"column":8},"end":{"line":222,"column":24}},"115":{"start":{"line":225,"column":29},"end":{"line":225,"column":74}},"116":{"start":{"line":226,"column":29},"end":{"line":226,"column":79}},"117":{"start":{"line":227,"column":21},"end":{"line":227,"column":63}},"118":{"start":{"line":228,"column":8},"end":{"line":228,"column":37}},"119":{"start":{"line":229,"column":8},"end":{"line":229,"column":31}},"120":{"start":{"line":230,"column":8},"end":{"line":230,"column":24}},"121":{"start":{"line":233,"column":28},"end":{"line":233,"column":71}},"122":{"start":{"line":234,"column":28},"end":{"line":234,"column":76}},"123":{"start":{"line":235,"column":24},"end":{"line":235,"column":64}},"124":{"start":{"line":236,"column":8},"end":{"line":236,"column":68}},"125":{"start":{"line":237,"column":8},"end":{"line":237,"column":27}},"126":{"start":{"line":239,"column":25},"end":{"line":239,"column":65}},"127":{"start":{"line":240,"column":8},"end":{"line":240,"column":68}},"128":{"start":{"line":241,"column":8},"end":{"line":241,"column":28}},"129":{"start":{"line":244,"column":28},"end":{"line":244,"column":87}},"130":{"start":{"line":245,"column":28},"end":{"line":245,"column":78}},"131":{"start":{"line":247,"column":24},"end":{"line":247,"column":64}},"132":{"start":{"line":248,"column":8},"end":{"line":248,"column":57}},"133":{"start":{"line":249,"column":8},"end":{"line":249,"column":34}},"134":{"start":{"line":250,"column":8},"end":{"line":250,"column":27}},"135":{"start":{"line":252,"column":25},"end":{"line":252,"column":65}},"136":{"start":{"line":253,"column":8},"end":{"line":253,"column":57}},"137":{"start":{"line":254,"column":8},"end":{"line":254,"column":35}},"138":{"start":{"line":255,"column":8},"end":{"line":255,"column":28}},"139":{"start":{"line":257,"column":8},"end":{"line":257,"column":53}},"140":{"start":{"line":264,"column":25},"end":{"line":264,"column":64}},"141":{"start":{"line":265,"column":25},"end":{"line":265,"column":65}},"142":{"start":{"line":266,"column":21},"end":{"line":266,"column":55}},"143":{"start":{"line":267,"column":8},"end":{"line":267,"column":35}},"144":{"start":{"line":268,"column":8},"end":{"line":268,"column":31}},"145":{"start":{"line":269,"column":8},"end":{"line":269,"column":24}},"146":{"start":{"line":270,"column":8},"end":{"line":270,"column":40}},"147":{"start":{"line":278,"column":27},"end":{"line":278,"column":60}},"148":{"start":{"line":279,"column":27},"end":{"line":279,"column":75}},"149":{"start":{"line":280,"column":22},"end":{"line":280,"column":60}},"150":{"start":{"line":281,"column":8},"end":{"line":281,"column":31}},"151":{"start":{"line":282,"column":8},"end":{"line":282,"column":25}},"152":{"start":{"line":285,"column":29},"end":{"line":285,"column":62}},"153":{"start":{"line":286,"column":29},"end":{"line":286,"column":77}},"154":{"start":{"line":287,"column":24},"end":{"line":287,"column":66}},"155":{"start":{"line":288,"column":8},"end":{"line":288,"column":44}},"156":{"start":{"line":289,"column":8},"end":{"line":289,"column":27}},"157":{"start":{"line":291,"column":8},"end":{"line":291,"column":29}},"158":{"start":{"line":292,"column":8},"end":{"line":292,"column":33}},"159":{"start":{"line":299,"column":8},"end":{"line":299,"column":36}},"160":{"start":{"line":299,"column":29},"end":{"line":299,"column":36}},"161":{"start":{"line":301,"column":26},"end":{"line":301,"column":53}},"162":{"start":{"line":302,"column":8},"end":{"line":302,"column":43}},"163":{"start":{"line":303,"column":8},"end":{"line":303,"column":65}},"164":{"start":{"line":306,"column":8},"end":{"line":312,"column":9}},"165":{"start":{"line":307,"column":12},"end":{"line":307,"column":59}},"166":{"start":{"line":308,"column":15},"end":{"line":312,"column":9}},"167":{"start":{"line":309,"column":12},"end":{"line":309,"column":59}},"168":{"start":{"line":311,"column":12},"end":{"line":311,"column":59}},"169":{"start":{"line":319,"column":8},"end":{"line":319,"column":62}},"170":{"start":{"line":320,"column":8},"end":{"line":320,"column":27}},"171":{"start":{"line":322,"column":8},"end":{"line":325,"column":9}},"172":{"start":{"line":323,"column":12},"end":{"line":323,"column":23}},"173":{"start":{"line":324,"column":12},"end":{"line":324,"column":24}},"174":{"start":{"line":326,"column":8},"end":{"line":326,"column":21}},"175":{"start":{"line":333,"column":8},"end":{"line":333,"column":27}},"176":{"start":{"line":334,"column":8},"end":{"line":334,"column":30}},"177":{"start":{"line":335,"column":8},"end":{"line":335,"column":27}},"178":{"start":{"line":336,"column":8},"end":{"line":336,"column":45}},"179":{"start":{"line":338,"column":8},"end":{"line":340,"column":9}},"180":{"start":{"line":339,"column":12},"end":{"line":339,"column":38}},"181":{"start":{"line":343,"column":8},"end":{"line":343,"column":35}},"182":{"start":{"line":350,"column":21},"end":{"line":350,"column":23}},"183":{"start":{"line":351,"column":8},"end":{"line":356,"column":9}},"184":{"start":{"line":352,"column":12},"end":{"line":355,"column":13}},"185":{"start":{"line":353,"column":30},"end":{"line":353,"column":85}},"186":{"start":{"line":354,"column":16},"end":{"line":354,"column":54}},"187":{"start":{"line":357,"column":8},"end":{"line":357,"column":20}},"188":{"start":{"line":364,"column":8},"end":{"line":364,"column":28}},"189":{"start":{"line":365,"column":8},"end":{"line":365,"column":36}},"190":{"start":{"line":366,"column":8},"end":{"line":366,"column":47}},"191":{"start":{"line":367,"column":8},"end":{"line":367,"column":27}},"192":{"start":{"line":369,"column":8},"end":{"line":372,"column":9}},"193":{"start":{"line":370,"column":12},"end":{"line":370,"column":37}},"194":{"start":{"line":371,"column":12},"end":{"line":371,"column":51}},"195":{"start":{"line":380,"column":8},"end":{"line":386,"column":9}},"196":{"start":{"line":381,"column":12},"end":{"line":381,"column":39}},"197":{"start":{"line":382,"column":12},"end":{"line":384,"column":13}},"198":{"start":{"line":383,"column":16},"end":{"line":383,"column":31}},"199":{"start":{"line":385,"column":12},"end":{"line":385,"column":19}},"200":{"start":{"line":389,"column":8},"end":{"line":395,"column":9}},"201":{"start":{"line":390,"column":29},"end":{"line":390,"column":70}},"202":{"start":{"line":391,"column":12},"end":{"line":394,"column":13}},"203":{"start":{"line":392,"column":16},"end":{"line":392,"column":37}},"204":{"start":{"line":393,"column":16},"end":{"line":393,"column":37}},"205":{"start":{"line":398,"column":8},"end":{"line":467,"column":9}},"206":{"start":{"line":399,"column":30},"end":{"line":401,"column":28}},"207":{"start":{"line":403,"column":29},"end":{"line":403,"column":75}},"208":{"start":{"line":405,"column":12},"end":{"line":420,"column":13}},"209":{"start":{"line":406,"column":16},"end":{"line":406,"column":77}},"210":{"start":{"line":407,"column":16},"end":{"line":407,"column":69}},"211":{"start":{"line":410,"column":16},"end":{"line":415,"column":17}},"212":{"start":{"line":411,"column":38},"end":{"line":411,"column":40}},"213":{"start":{"line":412,"column":44},"end":{"line":412,"column":89}},"214":{"start":{"line":413,"column":20},"end":{"line":413,"column":72}},"215":{"start":{"line":414,"column":20},"end":{"line":414,"column":74}},"216":{"start":{"line":416,"column":19},"end":{"line":420,"column":13}},"217":{"start":{"line":418,"column":16},"end":{"line":418,"column":38}},"218":{"start":{"line":419,"column":16},"end":{"line":419,"column":35}},"219":{"start":{"line":424,"column":12},"end":{"line":424,"column":38}},"220":{"start":{"line":426,"column":12},"end":{"line":436,"column":13}},"221":{"start":{"line":427,"column":30},"end":{"line":427,"column":57}},"222":{"start":{"line":428,"column":33},"end":{"line":428,"column":66}},"223":{"start":{"line":429,"column":32},"end":{"line":429,"column":81}},"224":{"start":{"line":430,"column":32},"end":{"line":430,"column":81}},"225":{"start":{"line":432,"column":16},"end":{"line":432,"column":77}},"226":{"start":{"line":433,"column":16},"end":{"line":433,"column":40}},"227":{"start":{"line":434,"column":16},"end":{"line":434,"column":37}},"228":{"start":{"line":435,"column":16},"end":{"line":435,"column":60}},"229":{"start":{"line":438,"column":12},"end":{"line":466,"column":13}},"230":{"start":{"line":439,"column":34},"end":{"line":441,"column":32}},"231":{"start":{"line":443,"column":33},"end":{"line":443,"column":78}},"232":{"start":{"line":445,"column":16},"end":{"line":465,"column":17}},"233":{"start":{"line":446,"column":20},"end":{"line":446,"column":45}},"234":{"start":{"line":447,"column":20},"end":{"line":447,"column":47}},"235":{"start":{"line":450,"column":20},"end":{"line":453,"column":21}},"236":{"start":{"line":451,"column":24},"end":{"line":451,"column":62}},"237":{"start":{"line":452,"column":24},"end":{"line":452,"column":63}},"238":{"start":{"line":455,"column":20},"end":{"line":455,"column":89}},"239":{"start":{"line":456,"column":20},"end":{"line":456,"column":73}},"240":{"start":{"line":459,"column":20},"end":{"line":464,"column":21}},"241":{"start":{"line":460,"column":42},"end":{"line":460,"column":43}},"242":{"start":{"line":461,"column":48},"end":{"line":461,"column":93}},"243":{"start":{"line":462,"column":24},"end":{"line":462,"column":76}},"244":{"start":{"line":463,"column":24},"end":{"line":463,"column":78}},"245":{"start":{"line":470,"column":8},"end":{"line":482,"column":9}},"246":{"start":{"line":471,"column":12},"end":{"line":471,"column":51}},"247":{"start":{"line":472,"column":12},"end":{"line":472,"column":49}},"248":{"start":{"line":475,"column":12},"end":{"line":478,"column":13}},"249":{"start":{"line":476,"column":16},"end":{"line":476,"column":64}},"250":{"start":{"line":477,"column":16},"end":{"line":477,"column":66}},"251":{"start":{"line":479,"column":12},"end":{"line":481,"column":13}},"252":{"start":{"line":480,"column":16},"end":{"line":480,"column":67}}},"fnMap":{"0":{"name":"(anonymous_0)","decl":{"start":{"line":10,"column":4},"end":{"line":10,"column":5}},"loc":{"start":{"line":10,"column":33},"end":{"line":54,"column":5}},"line":10},"1":{"name":"(anonymous_1)","decl":{"start":{"line":59,"column":4},"end":{"line":59,"column":5}},"loc":{"start":{"line":59,"column":19},"end":{"line":84,"column":5}},"line":59},"2":{"name":"(anonymous_2)","decl":{"start":{"line":89,"column":4},"end":{"line":89,"column":5}},"loc":{"start":{"line":89,"column":17},"end":{"line":139,"column":5}},"line":89},"3":{"name":"(anonymous_3)","decl":{"start":{"line":144,"column":4},"end":{"line":144,"column":5}},"loc":{"start":{"line":144,"column":35},"end":{"line":170,"column":5}},"line":144},"4":{"name":"(anonymous_4)","decl":{"start":{"line":175,"column":4},"end":{"line":175,"column":5}},"loc":{"start":{"line":175,"column":31},"end":{"line":210,"column":5}},"line":175},"5":{"name":"(anonymous_5)","decl":{"start":{"line":202,"column":26},"end":{"line":202,"column":27}},"loc":{"start":{"line":202,"column":33},"end":{"line":207,"column":9}},"line":202},"6":{"name":"(anonymous_6)","decl":{"start":{"line":215,"column":4},"end":{"line":215,"column":5}},"loc":{"start":{"line":215,"column":34},"end":{"line":258,"column":5}},"line":215},"7":{"name":"(anonymous_7)","decl":{"start":{"line":263,"column":4},"end":{"line":263,"column":5}},"loc":{"start":{"line":263,"column":42},"end":{"line":271,"column":5}},"line":263},"8":{"name":"(anonymous_8)","decl":{"start":{"line":276,"column":4},"end":{"line":276,"column":5}},"loc":{"start":{"line":276,"column":23},"end":{"line":293,"column":5}},"line":276},"9":{"name":"(anonymous_9)","decl":{"start":{"line":298,"column":4},"end":{"line":298,"column":5}},"loc":{"start":{"line":298,"column":18},"end":{"line":313,"column":5}},"line":298},"10":{"name":"(anonymous_10)","decl":{"start":{"line":318,"column":4},"end":{"line":318,"column":5}},"loc":{"start":{"line":318,"column":23},"end":{"line":327,"column":5}},"line":318},"11":{"name":"(anonymous_11)","decl":{"start":{"line":332,"column":4},"end":{"line":332,"column":5}},"loc":{"start":{"line":332,"column":10},"end":{"line":344,"column":5}},"line":332},"12":{"name":"(anonymous_12)","decl":{"start":{"line":349,"column":4},"end":{"line":349,"column":5}},"loc":{"start":{"line":349,"column":19},"end":{"line":358,"column":5}},"line":349},"13":{"name":"(anonymous_13)","decl":{"start":{"line":363,"column":4},"end":{"line":363,"column":5}},"loc":{"start":{"line":363,"column":14},"end":{"line":373,"column":5}},"line":363},"14":{"name":"(anonymous_14)","decl":{"start":{"line":378,"column":4},"end":{"line":378,"column":5}},"loc":{"start":{"line":378,"column":26},"end":{"line":483,"column":5}},"line":378}},"branchMap":{"0":{"loc":{"start":{"line":18,"column":22},"end":{"line":18,"column":75}},"type":"binary-expr","locations":[{"start":{"line":18,"column":22},"end":{"line":18,"column":43}},{"start":{"line":18,"column":47},"end":{"line":18,"column":69}},{"start":{"line":18,"column":73},"end":{"line":18,"column":75}}],"line":18},"1":{"loc":{"start":{"line":19,"column":20},"end":{"line":19,"column":43}},"type":"binary-expr","locations":[{"start":{"line":19,"column":20},"end":{"line":19,"column":30}},{"start":{"line":19,"column":34},"end":{"line":19,"column":43}}],"line":19},"2":{"loc":{"start":{"line":20,"column":21},"end":{"line":20,"column":37}},"type":"binary-expr","locations":[{"start":{"line":20,"column":21},"end":{"line":20,"column":32}},{"start":{"line":20,"column":36},"end":{"line":20,"column":37}}],"line":20},"3":{"loc":{"start":{"line":21,"column":21},"end":{"line":21,"column":54}},"type":"binary-expr","locations":[{"start":{"line":21,"column":21},"end":{"line":21,"column":36}},{"start":{"line":21,"column":40},"end":{"line":21,"column":48}},{"start":{"line":21,"column":52},"end":{"line":21,"column":54}}],"line":21},"4":{"loc":{"start":{"line":23,"column":24},"end":{"line":25,"column":28}},"type":"cond-expr","locations":[{"start":{"line":24,"column":12},"end":{"line":24,"column":93}},{"start":{"line":25,"column":13},"end":{"line":25,"column":27}}],"line":23},"5":{"loc":{"start":{"line":25,"column":13},"end":{"line":25,"column":27}},"type":"binary-expr","locations":[{"start":{"line":25,"column":13},"end":{"line":25,"column":21}},{"start":{"line":25,"column":25},"end":{"line":25,"column":27}}],"line":25},"6":{"loc":{"start":{"line":47,"column":26},"end":{"line":47,"column":51}},"type":"binary-expr","locations":[{"start":{"line":47,"column":26},"end":{"line":47,"column":42}},{"start":{"line":47,"column":46},"end":{"line":47,"column":51}}],"line":47},"7":{"loc":{"start":{"line":48,"column":26},"end":{"line":48,"column":48}},"type":"binary-expr","locations":[{"start":{"line":48,"column":26},"end":{"line":48,"column":42}},{"start":{"line":48,"column":46},"end":{"line":48,"column":48}}],"line":48},"8":{"loc":{"start":{"line":60,"column":8},"end":{"line":83,"column":9}},"type":"switch","locations":[{"start":{"line":61,"column":12},"end":{"line":66,"column":18}},{"start":{"line":67,"column":12},"end":{"line":72,"column":18}},{"start":{"line":73,"column":12},"end":{"line":73,"column":28}},{"start":{"line":74,"column":12},"end":{"line":78,"column":18}},{"start":{"line":79,"column":12},"end":{"line":82,"column":18}}],"line":60},"9":{"loc":{"start":{"line":93,"column":26},"end":{"line":93,"column":58}},"type":"binary-expr","locations":[{"start":{"line":93,"column":26},"end":{"line":93,"column":46}},{"start":{"line":93,"column":50},"end":{"line":93,"column":58}}],"line":93},"10":{"loc":{"start":{"line":94,"column":21},"end":{"line":94,"column":47}},"type":"binary-expr","locations":[{"start":{"line":94,"column":21},"end":{"line":94,"column":40}},{"start":{"line":94,"column":44},"end":{"line":94,"column":47}}],"line":94},"11":{"loc":{"start":{"line":97,"column":8},"end":{"line":111,"column":9}},"type":"if","locations":[{"start":{"line":97,"column":8},"end":{"line":111,"column":9}},{"start":{"line":99,"column":15},"end":{"line":111,"column":9}}],"line":97},"12":{"loc":{"start":{"line":99,"column":15},"end":{"line":111,"column":9}},"type":"if","locations":[{"start":{"line":99,"column":15},"end":{"line":111,"column":9}},{"start":{"line":101,"column":15},"end":{"line":111,"column":9}}],"line":99},"13":{"loc":{"start":{"line":101,"column":15},"end":{"line":111,"column":9}},"type":"if","locations":[{"start":{"line":101,"column":15},"end":{"line":111,"column":9}},{"start":{"line":103,"column":15},"end":{"line":111,"column":9}}],"line":101},"14":{"loc":{"start":{"line":103,"column":15},"end":{"line":111,"column":9}},"type":"if","locations":[{"start":{"line":103,"column":15},"end":{"line":111,"column":9}},{"start":{"line":105,"column":15},"end":{"line":111,"column":9}}],"line":103},"15":{"loc":{"start":{"line":105,"column":15},"end":{"line":111,"column":9}},"type":"if","locations":[{"start":{"line":105,"column":15},"end":{"line":111,"column":9}},{"start":{"line":107,"column":15},"end":{"line":111,"column":9}}],"line":105},"16":{"loc":{"start":{"line":107,"column":15},"end":{"line":111,"column":9}},"type":"if","locations":[{"start":{"line":107,"column":15},"end":{"line":111,"column":9}},{"start":{"line":109,"column":15},"end":{"line":111,"column":9}}],"line":107},"17":{"loc":{"start":{"line":121,"column":28},"end":{"line":121,"column":67}},"type":"cond-expr","locations":[{"start":{"line":121,"column":46},"end":{"line":121,"column":55}},{"start":{"line":121,"column":58},"end":{"line":121,"column":67}}],"line":121},"18":{"loc":{"start":{"line":299,"column":8},"end":{"line":299,"column":36}},"type":"if","locations":[{"start":{"line":299,"column":8},"end":{"line":299,"column":36}},{"start":{},"end":{}}],"line":299},"19":{"loc":{"start":{"line":306,"column":8},"end":{"line":312,"column":9}},"type":"if","locations":[{"start":{"line":306,"column":8},"end":{"line":312,"column":9}},{"start":{"line":308,"column":15},"end":{"line":312,"column":9}}],"line":306},"20":{"loc":{"start":{"line":308,"column":15},"end":{"line":312,"column":9}},"type":"if","locations":[{"start":{"line":308,"column":15},"end":{"line":312,"column":9}},{"start":{"line":310,"column":15},"end":{"line":312,"column":9}}],"line":308},"21":{"loc":{"start":{"line":322,"column":8},"end":{"line":325,"column":9}},"type":"if","locations":[{"start":{"line":322,"column":8},"end":{"line":325,"column":9}},{"start":{},"end":{}}],"line":322},"22":{"loc":{"start":{"line":338,"column":8},"end":{"line":340,"column":9}},"type":"if","locations":[{"start":{"line":338,"column":8},"end":{"line":340,"column":9}},{"start":{},"end":{}}],"line":338},"23":{"loc":{"start":{"line":352,"column":12},"end":{"line":355,"column":13}},"type":"if","locations":[{"start":{"line":352,"column":12},"end":{"line":355,"column":13}},{"start":{},"end":{}}],"line":352},"24":{"loc":{"start":{"line":353,"column":30},"end":{"line":353,"column":85}},"type":"cond-expr","locations":[{"start":{"line":353,"column":41},"end":{"line":353,"column":81}},{"start":{"line":353,"column":84},"end":{"line":353,"column":85}}],"line":353},"25":{"loc":{"start":{"line":369,"column":8},"end":{"line":372,"column":9}},"type":"if","locations":[{"start":{"line":369,"column":8},"end":{"line":372,"column":9}},{"start":{},"end":{}}],"line":369},"26":{"loc":{"start":{"line":380,"column":8},"end":{"line":386,"column":9}},"type":"if","locations":[{"start":{"line":380,"column":8},"end":{"line":386,"column":9}},{"start":{},"end":{}}],"line":380},"27":{"loc":{"start":{"line":382,"column":12},"end":{"line":384,"column":13}},"type":"if","locations":[{"start":{"line":382,"column":12},"end":{"line":384,"column":13}},{"start":{},"end":{}}],"line":382},"28":{"loc":{"start":{"line":389,"column":8},"end":{"line":395,"column":9}},"type":"if","locations":[{"start":{"line":389,"column":8},"end":{"line":395,"column":9}},{"start":{},"end":{}}],"line":389},"29":{"loc":{"start":{"line":389,"column":12},"end":{"line":389,"column":55}},"type":"binary-expr","locations":[{"start":{"line":389,"column":12},"end":{"line":389,"column":27}},{"start":{"line":389,"column":31},"end":{"line":389,"column":37}},{"start":{"line":389,"column":41},"end":{"line":389,"column":55}}],"line":389},"30":{"loc":{"start":{"line":391,"column":12},"end":{"line":394,"column":13}},"type":"if","locations":[{"start":{"line":391,"column":12},"end":{"line":394,"column":13}},{"start":{},"end":{}}],"line":391},"31":{"loc":{"start":{"line":398,"column":8},"end":{"line":467,"column":9}},"type":"if","locations":[{"start":{"line":398,"column":8},"end":{"line":467,"column":9}},{"start":{"line":423,"column":13},"end":{"line":467,"column":9}}],"line":398},"32":{"loc":{"start":{"line":398,"column":12},"end":{"line":398,"column":40}},"type":"binary-expr","locations":[{"start":{"line":398,"column":12},"end":{"line":398,"column":25}},{"start":{"line":398,"column":29},"end":{"line":398,"column":40}}],"line":398},"33":{"loc":{"start":{"line":405,"column":12},"end":{"line":420,"column":13}},"type":"if","locations":[{"start":{"line":405,"column":12},"end":{"line":420,"column":13}},{"start":{"line":416,"column":19},"end":{"line":420,"column":13}}],"line":405},"34":{"loc":{"start":{"line":410,"column":16},"end":{"line":415,"column":17}},"type":"if","locations":[{"start":{"line":410,"column":16},"end":{"line":415,"column":17}},{"start":{},"end":{}}],"line":410},"35":{"loc":{"start":{"line":416,"column":19},"end":{"line":420,"column":13}},"type":"if","locations":[{"start":{"line":416,"column":19},"end":{"line":420,"column":13}},{"start":{},"end":{}}],"line":416},"36":{"loc":{"start":{"line":426,"column":12},"end":{"line":436,"column":13}},"type":"if","locations":[{"start":{"line":426,"column":12},"end":{"line":436,"column":13}},{"start":{},"end":{}}],"line":426},"37":{"loc":{"start":{"line":438,"column":12},"end":{"line":466,"column":13}},"type":"if","locations":[{"start":{"line":438,"column":12},"end":{"line":466,"column":13}},{"start":{},"end":{}}],"line":438},"38":{"loc":{"start":{"line":438,"column":16},"end":{"line":438,"column":55}},"type":"binary-expr","locations":[{"start":{"line":438,"column":16},"end":{"line":438,"column":32}},{"start":{"line":438,"column":36},"end":{"line":438,"column":55}}],"line":438},"39":{"loc":{"start":{"line":445,"column":16},"end":{"line":465,"column":17}},"type":"if","locations":[{"start":{"line":445,"column":16},"end":{"line":465,"column":17}},{"start":{"line":454,"column":23},"end":{"line":465,"column":17}}],"line":445},"40":{"loc":{"start":{"line":450,"column":20},"end":{"line":453,"column":21}},"type":"if","locations":[{"start":{"line":450,"column":20},"end":{"line":453,"column":21}},{"start":{},"end":{}}],"line":450},"41":{"loc":{"start":{"line":459,"column":20},"end":{"line":464,"column":21}},"type":"if","locations":[{"start":{"line":459,"column":20},"end":{"line":464,"column":21}},{"start":{},"end":{}}],"line":459},"42":{"loc":{"start":{"line":470,"column":8},"end":{"line":482,"column":9}},"type":"if","locations":[{"start":{"line":470,"column":8},"end":{"line":482,"column":9}},{"start":{},"end":{}}],"line":470},"43":{"loc":{"start":{"line":475,"column":12},"end":{"line":478,"column":13}},"type":"if","locations":[{"start":{"line":475,"column":12},"end":{"line":478,"column":13}},{"start":{},"end":{}}],"line":475},"44":{"loc":{"start":{"line":475,"column":16},"end":{"line":475,"column":49}},"type":"binary-expr","locations":[{"start":{"line":475,"column":16},"end":{"line":475,"column":28}},{"start":{"line":475,"column":32},"end":{"line":475,"column":49}}],"line":475},"45":{"loc":{"start":{"line":479,"column":12},"end":{"line":481,"column":13}},"type":"if","locations":[{"start":{"line":479,"column":12},"end":{"line":481,"column":13}},{"start":{},"end":{}}],"line":479},"46":{"loc":{"start":{"line":479,"column":16},"end":{"line":479,"column":52}},"type":"binary-expr","locations":[{"start":{"line":479,"column":16},"end":{"line":479,"column":31}},{"start":{"line":479,"column":35},"end":{"line":479,"column":52}}],"line":479}},"s":{"0":11,"1":11,"2":11,"3":11,"4":11,"5":11,"6":11,"7":11,"8":11,"9":11,"10":11,"11":11,"12":11,"13":11,"14":11,"15":11,"16":11,"17":11,"18":11,"19":11,"20":11,"21":11,"22":11,"23":11,"24":11,"25":11,"26":11,"27":11,"28":11,"29":11,"30":0,"31":0,"32":0,"33":11,"34":11,"35":11,"36":11,"37":11,"38":0,"39":0,"40":0,"41":0,"42":0,"43":0,"44":0,"45":0,"46":0,"47":0,"48":0,"49":11,"50":11,"51":11,"52":11,"53":11,"54":11,"55":11,"56":11,"57":11,"58":11,"59":11,"60":11,"61":11,"62":11,"63":11,"64":11,"65":11,"66":11,"67":11,"68":11,"69":11,"70":11,"71":11,"72":11,"73":11,"74":11,"75":11,"76":11,"77":11,"78":11,"79":11,"80":11,"81":11,"82":11,"83":11,"84":11,"85":11,"86":11,"87":11,"88":11,"89":0,"90":0,"91":0,"92":0,"93":0,"94":0,"95":0,"96":0,"97":0,"98":0,"99":0,"100":0,"101":0,"102":0,"103":0,"104":0,"105":0,"106":0,"107":0,"108":0,"109":0,"110":0,"111":0,"112":0,"113":0,"114":0,"115":0,"116":0,"117":0,"118":0,"119":0,"120":0,"121":0,"122":0,"123":0,"124":0,"125":0,"126":0,"127":0,"128":0,"129":0,"130":0,"131":0,"132":0,"133":0,"134":0,"135":0,"136":0,"137":0,"138":0,"139":0,"140":0,"141":0,"142":0,"143":0,"144":0,"145":0,"146":0,"147":11,"148":11,"149":11,"150":11,"151":11,"152":11,"153":11,"154":11,"155":11,"156":11,"157":11,"158":11,"159":0,"160":0,"161":0,"162":0,"163":0,"164":0,"165":0,"166":0,"167":0,"168":0,"169":0,"170":0,"171":0,"172":0,"173":0,"174":0,"175":4,"176":4,"177":4,"178":4,"179":4,"180":4,"181":4,"182":4,"183":4,"184":12,"185":8,"186":8,"187":4,"188":0,"189":0,"190":0,"191":0,"192":0,"193":0,"194":0,"195":0,"196":0,"197":0,"198":0,"199":0,"200":0,"201":0,"202":0,"203":0,"204":0,"205":0,"206":0,"207":0,"208":0,"209":0,"210":0,"211":0,"212":0,"213":0,"214":0,"215":0,"216":0,"217":0,"218":0,"219":0,"220":0,"221":0,"222":0,"223":0,"224":0,"225":0,"226":0,"227":0,"228":0,"229":0,"230":0,"231":0,"232":0,"233":0,"234":0,"235":0,"236":0,"237":0,"238":0,"239":0,"240":0,"241":0,"242":0,"243":0,"244":0,"245":0,"246":0,"247":0,"248":0,"249":0,"250":0,"251":0,"252":0},"f":{"0":11,"1":11,"2":11,"3":11,"4":0,"5":0,"6":0,"7":0,"8":11,"9":0,"10":0,"11":4,"12":4,"13":0,"14":0},"b":{"0":[11,0,0],"1":[11,0],"2":[11,0],"3":[11,0,0],"4":[11,0],"5":[0,0],"6":[11,11],"7":[11,11],"8":[11,0,0,0,0],"9":[11,0],"10":[11,0],"11":[11,0],"12":[0,0],"13":[0,0],"14":[0,0],"15":[0,0],"16":[0,0],"17":[0,11],"18":[0,0],"19":[0,0],"20":[0,0],"21":[0,0],"22":[4,0],"23":[8,4],"24":[0,8],"25":[0,0],"26":[0,0],"27":[0,0],"28":[0,0],"29":[0,0,0],"30":[0,0],"31":[0,0],"32":[0,0],"33":[0,0],"34":[0,0],"35":[0,0],"36":[0,0],"37":[0,0],"38":[0,0],"39":[0,0],"40":[0,0],"41":[0,0],"42":[0,0],"43":[0,0],"44":[0,0],"45":[0,0],"46":[0,0]},"_coverageSchema":"1a1c01bbd47fc00a2c39e90264f33305004495a9","hash":"9d1642de949e1faa0e5b27283ed92cbd04520f58"}
,"/home/user/lumby-vibes/src/entities/NPC.js": {"path":"/home/user/lumby-vibes/src/entities/NPC.js","statementMap":{"0":{"start":{"line":11,"column":8},"end":{"line":11,"column":51}},"1":{"start":{"line":12,"column":8},"end":{"line":12,"column":51}},"2":{"start":{"line":13,"column":8},"end":{"line":13,"column":26}},"3":{"start":{"line":14,"column":8},"end":{"line":14,"column":28}},"4":{"start":{"line":15,"column":8},"end":{"line":15,"column":36}},"5":{"start":{"line":16,"column":8},"end":{"line":16,"column":31}},"6":{"start":{"line":19,"column":8},"end":{"line":19,"column":49}},"7":{"start":{"line":20,"column":8},"end":{"line":20,"column":29}},"8":{"start":{"line":23,"column":8},"end":{"line":23,"column":82}},"9":{"start":{"line":24,"column":8},"end":{"line":24,"column":78}},"10":{"start":{"line":25,"column":8},"end":{"line":25,"column":29}},"11":{"start":{"line":26,"column":8},"end":{"line":26,"column":52}},"12":{"start":{"line":27,"column":8},"end":{"line":27,"column":35}},"13":{"start":{"line":28,"column":8},"end":{"line":28,"column":33}},"14":{"start":{"line":31,"column":8},"end":{"line":31,"column":45}},"15":{"start":{"line":32,"column":8},"end":{"line":32,"column":33}},"16":{"start":{"line":35,"column":8},"end":{"line":35,"column":113}},"17":{"start":{"line":36,"column":8},"end":{"line":36,"column":82}},"18":{"start":{"line":38,"column":8},"end":{"line":38,"column":28}},"19":{"start":{"line":39,"column":8},"end":{"line":39,"column":26}},"20":{"start":{"line":46,"column":8},"end":{"line":67,"column":9}},"21":{"start":{"line":48,"column":16},"end":{"line":48,"column":39}},"22":{"start":{"line":49,"column":16},"end":{"line":49,"column":38}},"23":{"start":{"line":50,"column":16},"end":{"line":50,"column":22}},"24":{"start":{"line":52,"column":16},"end":{"line":52,"column":39}},"25":{"start":{"line":53,"column":16},"end":{"line":53,"column":22}},"26":{"start":{"line":55,"column":16},"end":{"line":55,"column":39}},"27":{"start":{"line":56,"column":16},"end":{"line":56,"column":38}},"28":{"start":{"line":57,"column":16},"end":{"line":57,"column":22}},"29":{"start":{"line":59,"column":16},"end":{"line":59,"column":39}},"30":{"start":{"line":60,"column":16},"end":{"line":60,"column":38}},"31":{"start":{"line":61,"column":16},"end":{"line":61,"column":22}},"32":{"start":{"line":63,"column":16},"end":{"line":63,"column":38}},"33":{"start":{"line":64,"column":16},"end":{"line":64,"column":22}},"34":{"start":{"line":66,"column":16},"end":{"line":66,"column":39}},"35":{"start":{"line":75,"column":8},"end":{"line":77,"column":9}},"36":{"start":{"line":76,"column":12},"end":{"line":76,"column":50}},"37":{"start":{"line":80,"column":28},"end":{"line":111,"column":9}},"38":{"start":{"line":113,"column":8},"end":{"line":117,"column":10}},"39":{"start":{"line":124,"column":22},"end":{"line":124,"column":39}},"40":{"start":{"line":127,"column":24},"end":{"line":127,"column":41}},"41":{"start":{"line":128,"column":8},"end":{"line":130,"column":77}},"42":{"start":{"line":128,"column":43},"end":{"line":128,"column":64}},"43":{"start":{"line":129,"column":13},"end":{"line":130,"column":77}},"44":{"start":{"line":129,"column":55},"end":{"line":129,"column":76}},"45":{"start":{"line":130,"column":13},"end":{"line":130,"column":77}},"46":{"start":{"line":130,"column":56},"end":{"line":130,"column":77}},"47":{"start":{"line":133,"column":29},"end":{"line":133,"column":65}},"48":{"start":{"line":134,"column":29},"end":{"line":134,"column":80}},"49":{"start":{"line":135,"column":21},"end":{"line":135,"column":63}},"50":{"start":{"line":136,"column":8},"end":{"line":136,"column":31}},"51":{"start":{"line":137,"column":8},"end":{"line":137,"column":31}},"52":{"start":{"line":138,"column":8},"end":{"line":138,"column":24}},"53":{"start":{"line":141,"column":29},"end":{"line":141,"column":67}},"54":{"start":{"line":142,"column":29},"end":{"line":142,"column":79}},"55":{"start":{"line":143,"column":21},"end":{"line":143,"column":63}},"56":{"start":{"line":144,"column":8},"end":{"line":144,"column":30}},"57":{"start":{"line":145,"column":8},"end":{"line":145,"column":31}},"58":{"start":{"line":146,"column":8},"end":{"line":146,"column":24}},"59":{"start":{"line":149,"column":28},"end":{"line":149,"column":64}},"60":{"start":{"line":150,"column":28},"end":{"line":150,"column":76}},"61":{"start":{"line":151,"column":24},"end":{"line":151,"column":64}},"62":{"start":{"line":152,"column":8},"end":{"line":152,"column":47}},"63":{"start":{"line":153,"column":8},"end":{"line":153,"column":27}},"64":{"start":{"line":155,"column":25},"end":{"line":155,"column":65}},"65":{"start":{"line":156,"column":8},"end":{"line":156,"column":47}},"66":{"start":{"line":157,"column":8},"end":{"line":157,"column":28}},"67":{"start":{"line":160,"column":28},"end":{"line":160,"column":66}},"68":{"start":{"line":161,"column":28},"end":{"line":161,"column":78}},"69":{"start":{"line":163,"column":24},"end":{"line":163,"column":64}},"70":{"start":{"line":164,"column":8},"end":{"line":164,"column":43}},"71":{"start":{"line":165,"column":8},"end":{"line":165,"column":34}},"72":{"start":{"line":166,"column":8},"end":{"line":166,"column":27}},"73":{"start":{"line":168,"column":25},"end":{"line":168,"column":65}},"74":{"start":{"line":169,"column":8},"end":{"line":169,"column":43}},"75":{"start":{"line":170,"column":8},"end":{"line":170,"column":35}},"76":{"start":{"line":171,"column":8},"end":{"line":171,"column":28}},"77":{"start":{"line":174,"column":23},"end":{"line":174,"column":55}},"78":{"start":{"line":175,"column":24},"end":{"line":175,"column":47}},"79":{"start":{"line":176,"column":8},"end":{"line":176,"column":27}},"80":{"start":{"line":177,"column":8},"end":{"line":177,"column":27}},"81":{"start":{"line":178,"column":8},"end":{"line":178,"column":38}},"82":{"start":{"line":179,"column":8},"end":{"line":179,"column":41}},"83":{"start":{"line":180,"column":8},"end":{"line":180,"column":37}},"84":{"start":{"line":181,"column":8},"end":{"line":181,"column":45}},"85":{"start":{"line":183,"column":24},"end":{"line":183,"column":55}},"86":{"start":{"line":184,"column":31},"end":{"line":184,"column":73}},"87":{"start":{"line":185,"column":23},"end":{"line":185,"column":55}},"88":{"start":{"line":186,"column":8},"end":{"line":186,"column":32}},"89":{"start":{"line":187,"column":8},"end":{"line":187,"column":36}},"90":{"start":{"line":188,"column":8},"end":{"line":188,"column":26}},"91":{"start":{"line":190,"column":8},"end":{"line":190,"column":43}},"92":{"start":{"line":191,"column":8},"end":{"line":191,"column":26}},"93":{"start":{"line":192,"column":8},"end":{"line":192,"column":41}},"94":{"start":{"line":193,"column":8},"end":{"line":193,"column":40}},"95":{"start":{"line":194,"column":8},"end":{"line":194,"column":47}},"96":{"start":{"line":196,"column":8},"end":{"line":196,"column":47}},"97":{"start":{"line":203,"column":25},"end":{"line":203,"column":61}},"98":{"start":{"line":204,"column":8},"end":{"line":204,"column":82}},"99":{"start":{"line":205,"column":8},"end":{"line":205,"column":24}},"100":{"start":{"line":213,"column":8},"end":{"line":213,"column":34}},"101":{"start":{"line":215,"column":8},"end":{"line":226,"column":9}},"102":{"start":{"line":217,"column":26},"end":{"line":217,"column":53}},"103":{"start":{"line":218,"column":29},"end":{"line":218,"column":62}},"104":{"start":{"line":219,"column":28},"end":{"line":219,"column":77}},"105":{"start":{"line":220,"column":28},"end":{"line":220,"column":77}},"106":{"start":{"line":222,"column":12},"end":{"line":222,"column":73}},"107":{"start":{"line":223,"column":12},"end":{"line":223,"column":36}},"108":{"start":{"line":224,"column":12},"end":{"line":224,"column":33}},"109":{"start":{"line":225,"column":12},"end":{"line":225,"column":56}},"110":{"start":{"line":229,"column":8},"end":{"line":253,"column":9}},"111":{"start":{"line":230,"column":30},"end":{"line":232,"column":28}},"112":{"start":{"line":234,"column":29},"end":{"line":234,"column":74}},"113":{"start":{"line":236,"column":12},"end":{"line":248,"column":13}},"114":{"start":{"line":237,"column":16},"end":{"line":237,"column":41}},"115":{"start":{"line":238,"column":16},"end":{"line":238,"column":43}},"116":{"start":{"line":240,"column":16},"end":{"line":240,"column":77}},"117":{"start":{"line":241,"column":16},"end":{"line":241,"column":69}},"118":{"start":{"line":244,"column":34},"end":{"line":244,"column":35}},"119":{"start":{"line":245,"column":40},"end":{"line":245,"column":85}},"120":{"start":{"line":246,"column":16},"end":{"line":246,"column":68}},"121":{"start":{"line":247,"column":16},"end":{"line":247,"column":70}},"122":{"start":{"line":251,"column":12},"end":{"line":251,"column":50}},"123":{"start":{"line":252,"column":12},"end":{"line":252,"column":51}},"124":{"start":{"line":256,"column":8},"end":{"line":259,"column":9}},"125":{"start":{"line":257,"column":12},"end":{"line":257,"column":51}},"126":{"start":{"line":258,"column":12},"end":{"line":258,"column":49}}},"fnMap":{"0":{"name":"(anonymous_0)","decl":{"start":{"line":10,"column":4},"end":{"line":10,"column":5}},"loc":{"start":{"line":10,"column":37},"end":{"line":40,"column":5}},"line":10},"1":{"name":"(anonymous_1)","decl":{"start":{"line":45,"column":4},"end":{"line":45,"column":5}},"loc":{"start":{"line":45,"column":19},"end":{"line":68,"column":5}},"line":45},"2":{"name":"(anonymous_2)","decl":{"start":{"line":73,"column":4},"end":{"line":73,"column":5}},"loc":{"start":{"line":73,"column":19},"end":{"line":118,"column":5}},"line":73},"3":{"name":"(anonymous_3)","decl":{"start":{"line":123,"column":4},"end":{"line":123,"column":5}},"loc":{"start":{"line":123,"column":17},"end":{"line":197,"column":5}},"line":123},"4":{"name":"(anonymous_4)","decl":{"start":{"line":202,"column":4},"end":{"line":202,"column":5}},"loc":{"start":{"line":202,"column":11},"end":{"line":206,"column":5}},"line":202},"5":{"name":"(anonymous_5)","decl":{"start":{"line":211,"column":4},"end":{"line":211,"column":5}},"loc":{"start":{"line":211,"column":18},"end":{"line":260,"column":5}},"line":211}},"branchMap":{"0":{"loc":{"start":{"line":15,"column":20},"end":{"line":15,"column":35}},"type":"binary-expr","locations":[{"start":{"line":15,"column":20},"end":{"line":15,"column":24}},{"start":{"line":15,"column":28},"end":{"line":15,"column":35}}],"line":15},"1":{"loc":{"start":{"line":19,"column":23},"end":{"line":19,"column":48}},"type":"binary-expr","locations":[{"start":{"line":19,"column":23},"end":{"line":19,"column":40}},{"start":{"line":19,"column":44},"end":{"line":19,"column":48}}],"line":19},"2":{"loc":{"start":{"line":23,"column":28},"end":{"line":23,"column":81}},"type":"cond-expr","locations":[{"start":{"line":23,"column":44},"end":{"line":23,"column":75}},{"start":{"line":23,"column":79},"end":{"line":23,"column":81}}],"line":23},"3":{"loc":{"start":{"line":23,"column":44},"end":{"line":23,"column":75}},"type":"binary-expr","locations":[{"start":{"line":23,"column":44},"end":{"line":23,"column":69}},{"start":{"line":23,"column":73},"end":{"line":23,"column":75}}],"line":23},"4":{"loc":{"start":{"line":24,"column":23},"end":{"line":24,"column":77}},"type":"cond-expr","locations":[{"start":{"line":24,"column":39},"end":{"line":24,"column":69}},{"start":{"line":24,"column":73},"end":{"line":24,"column":77}}],"line":24},"5":{"loc":{"start":{"line":35,"column":26},"end":{"line":35,"column":112}},"type":"cond-expr","locations":[{"start":{"line":35,"column":42},"end":{"line":35,"column":103}},{"start":{"line":35,"column":107},"end":{"line":35,"column":112}}],"line":35},"6":{"loc":{"start":{"line":35,"column":42},"end":{"line":35,"column":103}},"type":"binary-expr","locations":[{"start":{"line":35,"column":42},"end":{"line":35,"column":65}},{"start":{"line":35,"column":69},"end":{"line":35,"column":103}}],"line":35},"7":{"loc":{"start":{"line":36,"column":26},"end":{"line":36,"column":81}},"type":"cond-expr","locations":[{"start":{"line":36,"column":41},"end":{"line":36,"column":73}},{"start":{"line":36,"column":76},"end":{"line":36,"column":81}}],"line":36},"8":{"loc":{"start":{"line":46,"column":8},"end":{"line":67,"column":9}},"type":"switch","locations":[{"start":{"line":47,"column":12},"end":{"line":50,"column":22}},{"start":{"line":51,"column":12},"end":{"line":53,"column":22}},{"start":{"line":54,"column":12},"end":{"line":57,"column":22}},{"start":{"line":58,"column":12},"end":{"line":61,"column":22}},{"start":{"line":62,"column":12},"end":{"line":64,"column":22}},{"start":{"line":65,"column":12},"end":{"line":66,"column":39}}],"line":46},"9":{"loc":{"start":{"line":75,"column":8},"end":{"line":77,"column":9}},"type":"if","locations":[{"start":{"line":75,"column":8},"end":{"line":77,"column":9}},{"start":{},"end":{}}],"line":75},"10":{"loc":{"start":{"line":75,"column":12},"end":{"line":75,"column":83}},"type":"binary-expr","locations":[{"start":{"line":75,"column":12},"end":{"line":75,"column":24}},{"start":{"line":75,"column":28},"end":{"line":75,"column":49}},{"start":{"line":75,"column":53},"end":{"line":75,"column":83}}],"line":75},"11":{"loc":{"start":{"line":113,"column":15},"end":{"line":117,"column":9}},"type":"binary-expr","locations":[{"start":{"line":113,"column":15},"end":{"line":113,"column":37}},{"start":{"line":113,"column":41},"end":{"line":117,"column":9}}],"line":113},"12":{"loc":{"start":{"line":128,"column":8},"end":{"line":130,"column":77}},"type":"if","locations":[{"start":{"line":128,"column":8},"end":{"line":130,"column":77}},{"start":{"line":129,"column":13},"end":{"line":130,"column":77}}],"line":128},"13":{"loc":{"start":{"line":129,"column":13},"end":{"line":130,"column":77}},"type":"if","locations":[{"start":{"line":129,"column":13},"end":{"line":130,"column":77}},{"start":{"line":130,"column":13},"end":{"line":130,"column":77}}],"line":129},"14":{"loc":{"start":{"line":130,"column":13},"end":{"line":130,"column":77}},"type":"if","locations":[{"start":{"line":130,"column":13},"end":{"line":130,"column":77}},{"start":{},"end":{}}],"line":130},"15":{"loc":{"start":{"line":215,"column":8},"end":{"line":226,"column":9}},"type":"if","locations":[{"start":{"line":215,"column":8},"end":{"line":226,"column":9}},{"start":{},"end":{}}],"line":215},"16":{"loc":{"start":{"line":229,"column":8},"end":{"line":253,"column":9}},"type":"if","locations":[{"start":{"line":229,"column":8},"end":{"line":253,"column":9}},{"start":{"line":249,"column":15},"end":{"line":253,"column":9}}],"line":229},"17":{"loc":{"start":{"line":229,"column":12},"end":{"line":229,"column":51}},"type":"binary-expr","locations":[{"start":{"line":229,"column":12},"end":{"line":229,"column":28}},{"start":{"line":229,"column":32},"end":{"line":229,"column":51}}],"line":229},"18":{"loc":{"start":{"line":236,"column":12},"end":{"line":248,"column":13}},"type":"if","locations":[{"start":{"line":236,"column":12},"end":{"line":248,"column":13}},{"start":{"line":239,"column":19},"end":{"line":248,"column":13}}],"line":236},"19":{"loc":{"start":{"line":256,"column":8},"end":{"line":259,"column":9}},"type":"if","locations":[{"start":{"line":256,"column":8},"end":{"line":259,"column":9}},{"start":{},"end":{}}],"line":256}},"s":{"0":0,"1":0,"2":0,"3":0,"4":0,"5":0,"6":0,"7":0,"8":0,"9":0,"10":0,"11":0,"12":0,"13":0,"14":0,"15":0,"16":0,"17":0,"18":0,"19":0,"20":0,"21":0,"22":0,"23":0,"24":0,"25":0,"26":0,"27":0,"28":0,"29":0,"30":0,"31":0,"32":0,"33":0,"34":0,"35":0,"36":0,"37":0,"38":0,"39":0,"40":0,"41":0,"42":0,"43":0,"44":0,"45":0,"46":0,"47":0,"48":0,"49":0,"50":0,"51":0,"52":0,"53":0,"54":0,"55":0,"56":0,"57":0,"58":0,"59":0,"60":0,"61":0,"62":0,"63":0,"64":0,"65":0,"66":0,"67":0,"68":0,"69":0,"70":0,"71":0,"72":0,"73":0,"74":0,"75":0,"76":0,"77":0,"78":0,"79":0,"80":0,"81":0,"82":0,"83":0,"84":0,"85":0,"86":0,"87":0,"88":0,"89":0,"90":0,"91":0,"92":0,"93":0,"94":0,"95":0,"96":0,"97":0,"98":0,"99":0,"100":0,"101":0,"102":0,"103":0,"104":0,"105":0,"106":0,"107":0,"108":0,"109":0,"110":0,"111":0,"112":0,"113":0,"114":0,"115":0,"116":0,"117":0,"118":0,"119":0,"120":0,"121":0,"122":0,"123":0,"124":0,"125":0,"126":0},"f":{"0":0,"1":0,"2":0,"3":0,"4":0,"5":0},"b":{"0":[0,0],"1":[0,0],"2":[0,0],"3":[0,0],"4":[0,0],"5":[0,0],"6":[0,0],"7":[0,0],"8":[0,0,0,0,0,0],"9":[0,0],"10":[0,0,0],"11":[0,0],"12":[0,0],"13":[0,0],"14":[0,0],"15":[0,0],"16":[0,0],"17":[0,0],"18":[0,0],"19":[0,0]}}
,"/home/user/lumby-vibes/src/entities/Player.js": {"path":"/home/user/lumby-vibes/src/entities/Player.js","statementMap":{"0":{"start":{"line":11,"column":8},"end":{"line":11,"column":51}},"1":{"start":{"line":12,"column":8},"end":{"line":12,"column":26}},"2":{"start":{"line":13,"column":8},"end":{"line":13,"column":35}},"3":{"start":{"line":14,"column":8},"end":{"line":14,"column":30}},"4":{"start":{"line":15,"column":8},"end":{"line":15,"column":34}},"5":{"start":{"line":18,"column":8},"end":{"line":33,"column":10}},"6":{"start":{"line":36,"column":8},"end":{"line":36,"column":53}},"7":{"start":{"line":37,"column":8},"end":{"line":37,"column":54}},"8":{"start":{"line":40,"column":8},"end":{"line":44,"column":10}},"9":{"start":{"line":47,"column":8},"end":{"line":47,"column":46}},"10":{"start":{"line":50,"column":8},"end":{"line":62,"column":10}},"11":{"start":{"line":65,"column":8},"end":{"line":65,"column":30}},"12":{"start":{"line":66,"column":8},"end":{"line":66,"column":27}},"13":{"start":{"line":67,"column":8},"end":{"line":67,"column":32}},"14":{"start":{"line":70,"column":8},"end":{"line":70,"column":26}},"15":{"start":{"line":77,"column":22},"end":{"line":77,"column":39}},"16":{"start":{"line":80,"column":29},"end":{"line":80,"column":65}},"17":{"start":{"line":81,"column":29},"end":{"line":81,"column":89}},"18":{"start":{"line":82,"column":21},"end":{"line":82,"column":63}},"19":{"start":{"line":83,"column":8},"end":{"line":83,"column":30}},"20":{"start":{"line":84,"column":8},"end":{"line":84,"column":31}},"21":{"start":{"line":85,"column":8},"end":{"line":85,"column":34}},"22":{"start":{"line":86,"column":8},"end":{"line":86,"column":24}},"23":{"start":{"line":89,"column":29},"end":{"line":89,"column":66}},"24":{"start":{"line":90,"column":29},"end":{"line":90,"column":79}},"25":{"start":{"line":91,"column":21},"end":{"line":91,"column":63}},"26":{"start":{"line":92,"column":8},"end":{"line":92,"column":30}},"27":{"start":{"line":93,"column":8},"end":{"line":93,"column":31}},"28":{"start":{"line":94,"column":8},"end":{"line":94,"column":34}},"29":{"start":{"line":95,"column":8},"end":{"line":95,"column":24}},"30":{"start":{"line":98,"column":28},"end":{"line":98,"column":64}},"31":{"start":{"line":99,"column":28},"end":{"line":99,"column":76}},"32":{"start":{"line":100,"column":24},"end":{"line":100,"column":64}},"33":{"start":{"line":101,"column":8},"end":{"line":101,"column":48}},"34":{"start":{"line":102,"column":8},"end":{"line":102,"column":27}},"35":{"start":{"line":104,"column":25},"end":{"line":104,"column":65}},"36":{"start":{"line":105,"column":8},"end":{"line":105,"column":48}},"37":{"start":{"line":106,"column":8},"end":{"line":106,"column":28}},"38":{"start":{"line":109,"column":28},"end":{"line":109,"column":64}},"39":{"start":{"line":110,"column":28},"end":{"line":110,"column":78}},"40":{"start":{"line":112,"column":24},"end":{"line":112,"column":64}},"41":{"start":{"line":113,"column":8},"end":{"line":113,"column":45}},"42":{"start":{"line":114,"column":8},"end":{"line":114,"column":34}},"43":{"start":{"line":115,"column":8},"end":{"line":115,"column":27}},"44":{"start":{"line":117,"column":25},"end":{"line":117,"column":65}},"45":{"start":{"line":118,"column":8},"end":{"line":118,"column":45}},"46":{"start":{"line":119,"column":8},"end":{"line":119,"column":35}},"47":{"start":{"line":120,"column":8},"end":{"line":120,"column":28}},"48":{"start":{"line":123,"column":28},"end":{"line":123,"column":66}},"49":{"start":{"line":124,"column":28},"end":{"line":124,"column":88}},"50":{"start":{"line":126,"column":24},"end":{"line":126,"column":64}},"51":{"start":{"line":127,"column":8},"end":{"line":127,"column":44}},"52":{"start":{"line":128,"column":8},"end":{"line":128,"column":34}},"53":{"start":{"line":129,"column":8},"end":{"line":129,"column":27}},"54":{"start":{"line":131,"column":25},"end":{"line":131,"column":65}},"55":{"start":{"line":132,"column":8},"end":{"line":132,"column":44}},"56":{"start":{"line":133,"column":8},"end":{"line":133,"column":35}},"57":{"start":{"line":134,"column":8},"end":{"line":134,"column":28}},"58":{"start":{"line":137,"column":23},"end":{"line":137,"column":55}},"59":{"start":{"line":138,"column":24},"end":{"line":138,"column":47}},"60":{"start":{"line":139,"column":8},"end":{"line":139,"column":27}},"61":{"start":{"line":140,"column":8},"end":{"line":140,"column":27}},"62":{"start":{"line":141,"column":8},"end":{"line":141,"column":38}},"63":{"start":{"line":142,"column":8},"end":{"line":142,"column":41}},"64":{"start":{"line":143,"column":8},"end":{"line":143,"column":37}},"65":{"start":{"line":144,"column":8},"end":{"line":144,"column":44}},"66":{"start":{"line":146,"column":24},"end":{"line":146,"column":55}},"67":{"start":{"line":147,"column":31},"end":{"line":147,"column":73}},"68":{"start":{"line":148,"column":23},"end":{"line":148,"column":55}},"69":{"start":{"line":149,"column":8},"end":{"line":149,"column":32}},"70":{"start":{"line":150,"column":8},"end":{"line":150,"column":36}},"71":{"start":{"line":151,"column":8},"end":{"line":151,"column":26}},"72":{"start":{"line":153,"column":8},"end":{"line":153,"column":43}},"73":{"start":{"line":154,"column":8},"end":{"line":154,"column":26}},"74":{"start":{"line":155,"column":8},"end":{"line":155,"column":41}},"75":{"start":{"line":156,"column":8},"end":{"line":156,"column":43}},"76":{"start":{"line":159,"column":8},"end":{"line":164,"column":10}},"77":{"start":{"line":171,"column":8},"end":{"line":171,"column":57}},"78":{"start":{"line":172,"column":8},"end":{"line":172,"column":29}},"79":{"start":{"line":179,"column":8},"end":{"line":179,"column":30}},"80":{"start":{"line":180,"column":8},"end":{"line":180,"column":35}},"81":{"start":{"line":187,"column":8},"end":{"line":187,"column":40}},"82":{"start":{"line":187,"column":33},"end":{"line":187,"column":40}},"83":{"start":{"line":189,"column":25},"end":{"line":189,"column":49}},"84":{"start":{"line":190,"column":8},"end":{"line":190,"column":40}},"85":{"start":{"line":191,"column":25},"end":{"line":191,"column":75}},"86":{"start":{"line":193,"column":8},"end":{"line":207,"column":9}},"87":{"start":{"line":194,"column":12},"end":{"line":194,"column":48}},"88":{"start":{"line":197,"column":12},"end":{"line":199,"column":13}},"89":{"start":{"line":198,"column":16},"end":{"line":198,"column":42}},"90":{"start":{"line":202,"column":12},"end":{"line":204,"column":16}},"91":{"start":{"line":206,"column":12},"end":{"line":206,"column":24}},"92":{"start":{"line":209,"column":8},"end":{"line":209,"column":21}},"93":{"start":{"line":216,"column":23},"end":{"line":224,"column":9}},"94":{"start":{"line":225,"column":8},"end":{"line":225,"column":57}},"95":{"start":{"line":232,"column":8},"end":{"line":232,"column":88}},"96":{"start":{"line":239,"column":8},"end":{"line":239,"column":62}},"97":{"start":{"line":240,"column":8},"end":{"line":240,"column":35}},"98":{"start":{"line":248,"column":8},"end":{"line":281,"column":9}},"99":{"start":{"line":249,"column":30},"end":{"line":251,"column":28}},"100":{"start":{"line":253,"column":29},"end":{"line":253,"column":74}},"101":{"start":{"line":255,"column":12},"end":{"line":274,"column":13}},"102":{"start":{"line":256,"column":16},"end":{"line":256,"column":56}},"103":{"start":{"line":257,"column":16},"end":{"line":257,"column":38}},"104":{"start":{"line":258,"column":16},"end":{"line":258,"column":43}},"105":{"start":{"line":260,"column":16},"end":{"line":260,"column":77}},"106":{"start":{"line":263,"column":16},"end":{"line":263,"column":69}},"107":{"start":{"line":266,"column":34},"end":{"line":266,"column":36}},"108":{"start":{"line":267,"column":40},"end":{"line":267,"column":85}},"109":{"start":{"line":268,"column":41},"end":{"line":268,"column":57}},"110":{"start":{"line":270,"column":16},"end":{"line":270,"column":68}},"111":{"start":{"line":271,"column":16},"end":{"line":271,"column":70}},"112":{"start":{"line":272,"column":16},"end":{"line":272,"column":75}},"113":{"start":{"line":273,"column":16},"end":{"line":273,"column":77}},"114":{"start":{"line":277,"column":12},"end":{"line":277,"column":50}},"115":{"start":{"line":278,"column":12},"end":{"line":278,"column":51}},"116":{"start":{"line":279,"column":12},"end":{"line":279,"column":50}},"117":{"start":{"line":280,"column":12},"end":{"line":280,"column":51}},"118":{"start":{"line":284,"column":8},"end":{"line":287,"column":9}},"119":{"start":{"line":285,"column":12},"end":{"line":285,"column":51}},"120":{"start":{"line":286,"column":12},"end":{"line":286,"column":49}},"121":{"start":{"line":295,"column":8},"end":{"line":302,"column":9}},"122":{"start":{"line":296,"column":12},"end":{"line":301,"column":13}},"123":{"start":{"line":296,"column":25},"end":{"line":296,"column":26}},"124":{"start":{"line":297,"column":16},"end":{"line":300,"column":17}},"125":{"start":{"line":298,"column":20},"end":{"line":298,"column":53}},"126":{"start":{"line":299,"column":20},"end":{"line":299,"column":32}},"127":{"start":{"line":305,"column":8},"end":{"line":310,"column":9}},"128":{"start":{"line":305,"column":21},"end":{"line":305,"column":22}},"129":{"start":{"line":306,"column":12},"end":{"line":309,"column":13}},"130":{"start":{"line":307,"column":16},"end":{"line":307,"column":55}},"131":{"start":{"line":308,"column":16},"end":{"line":308,"column":28}},"132":{"start":{"line":312,"column":8},"end":{"line":312,"column":21}},"133":{"start":{"line":319,"column":8},"end":{"line":323,"column":9}},"134":{"start":{"line":320,"column":25},"end":{"line":320,"column":45}},"135":{"start":{"line":321,"column":12},"end":{"line":321,"column":40}},"136":{"start":{"line":322,"column":12},"end":{"line":322,"column":24}},"137":{"start":{"line":324,"column":8},"end":{"line":324,"column":20}},"138":{"start":{"line":331,"column":8},"end":{"line":331,"column":67}},"139":{"start":{"line":331,"column":45},"end":{"line":331,"column":58}}},"fnMap":{"0":{"name":"(anonymous_0)","decl":{"start":{"line":10,"column":4},"end":{"line":10,"column":5}},"loc":{"start":{"line":10,"column":30},"end":{"line":71,"column":5}},"line":10},"1":{"name":"(anonymous_1)","decl":{"start":{"line":76,"column":4},"end":{"line":76,"column":5}},"loc":{"start":{"line":76,"column":17},"end":{"line":165,"column":5}},"line":76},"2":{"name":"(anonymous_2)","decl":{"start":{"line":170,"column":4},"end":{"line":170,"column":5}},"loc":{"start":{"line":170,"column":17},"end":{"line":173,"column":5}},"line":170},"3":{"name":"(anonymous_3)","decl":{"start":{"line":178,
[...]
ne":252,"column":35}},"127":{"start":{"line":253,"column":8},"end":{"line":253,"column":36}},"128":{"start":{"line":255,"column":27},"end":{"line":258,"column":9}},"129":{"start":{"line":259,"column":8},"end":{"line":259,"column":37}},"130":{"start":{"line":260,"column":8},"end":{"line":260,"column":36}},"131":{"start":{"line":262,"column":8},"end":{"line":262,"column":42}},"132":{"start":{"line":263,"column":8},"end":{"line":263,"column":47}},"133":{"start":{"line":264,"column":8},"end":{"line":264,"column":61}},"134":{"start":{"line":266,"column":8},"end":{"line":266,"column":43}},"135":{"start":{"line":267,"column":8},"end":{"line":267,"column":41}},"136":{"start":{"line":274,"column":30},"end":{"line":274,"column":47}},"137":{"start":{"line":277,"column":29},"end":{"line":277,"column":59}},"138":{"start":{"line":278,"column":29},"end":{"line":278,"column":79}},"139":{"start":{"line":279,"column":21},"end":{"line":279,"column":63}},"140":{"start":{"line":280,"column":8},"end":{"line":280,"column":30}},"141":{"start":{"line":281,"column":8},"end":{"line":281,"column":31}},"142":{"start":{"line":282,"column":8},"end":{"line":282,"column":32}},"143":{"start":{"line":285,"column":29},"end":{"line":285,"column":60}},"144":{"start":{"line":286,"column":29},"end":{"line":286,"column":80}},"145":{"start":{"line":287,"column":21},"end":{"line":287,"column":63}},"146":{"start":{"line":288,"column":8},"end":{"line":288,"column":28}},"147":{"start":{"line":289,"column":8},"end":{"line":289,"column":38}},"148":{"start":{"line":290,"column":8},"end":{"line":290,"column":31}},"149":{"start":{"line":291,"column":8},"end":{"line":291,"column":32}},"150":{"start":{"line":294,"column":29},"end":{"line":294,"column":61}},"151":{"start":{"line":295,"column":29},"end":{"line":295,"column":79}},"152":{"start":{"line":296,"column":21},"end":{"line":296,"column":63}},"153":{"start":{"line":297,"column":8},"end":{"line":297,"column":37}},"154":{"start":{"line":298,"column":8},"end":{"line":298,"column":32}},"155":{"start":{"line":300,"column":8},"end":{"line":300,"column":44}},"156":{"start":{"line":301,"column":8},"end":{"line":301,"column":49}},"157":{"start":{"line":302,"column":8},"end":{"line":302,"column":51}},"158":{"start":{"line":304,"column":8},"end":{"line":304,"column":45}},"159":{"start":{"line":305,"column":8},"end":{"line":305,"column":43}},"160":{"start":{"line":313,"column":26},"end":{"line":324,"column":9}},"161":{"start":{"line":327,"column":8},"end":{"line":336,"column":9}},"162":{"start":{"line":328,"column":29},"end":{"line":328,"column":46}},"163":{"start":{"line":330,"column":12},"end":{"line":335,"column":13}},"164":{"start":{"line":331,"column":28},"end":{"line":331,"column":81}},"165":{"start":{"line":332,"column":16},"end":{"line":332,"column":35}},"166":{"start":{"line":333,"column":16},"end":{"line":333,"column":38}},"167":{"start":{"line":334,"column":16},"end":{"line":334,"column":36}},"168":{"start":{"line":339,"column":31},"end":{"line":344,"column":9}},"169":{"start":{"line":346,"column":8},"end":{"line":349,"column":9}},"170":{"start":{"line":347,"column":26},"end":{"line":347,"column":73}},"171":{"start":{"line":348,"column":12},"end":{"line":348,"column":34}},"172":{"start":{"line":352,"column":8},"end":{"line":357,"column":9}},"173":{"start":{"line":352,"column":21},"end":{"line":352,"column":22}},"174":{"start":{"line":353,"column":22},"end":{"line":353,"column":46}},"175":{"start":{"line":354,"column":22},"end":{"line":354,"column":46}},"176":{"start":{"line":355,"column":24},"end":{"line":355,"column":51}},"177":{"start":{"line":356,"column":12},"end":{"line":356,"column":32}},"178":{"start":{"line":359,"column":8},"end":{"line":364,"column":9}},"179":{"start":{"line":359,"column":21},"end":{"line":359,"column":22}},"180":{"start":{"line":360,"column":22},"end":{"line":360,"column":46}},"181":{"start":{"line":361,"column":22},"end":{"line":361,"column":46}},"182":{"start":{"line":362,"column":26},"end":{"line":362,"column":57}},"183":{"start":{"line":363,"column":12},"end":{"line":363,"column":34}},"184":{"start":{"line":367,"column":8},"end":{"line":371,"column":9}},"185":{"start":{"line":368,"column":12},"end":{"line":370,"column":13}},"186":{"start":{"line":369,"column":16},"end":{"line":369,"column":48}},"187":{"start":{"line":379,"column":8},"end":{"line":392,"column":9}},"188":{"start":{"line":380,"column":12},"end":{"line":391,"column":13}},"189":{"start":{"line":381,"column":46},"end":{"line":381,"column":54}},"190":{"start":{"line":384,"column":16},"end":{"line":390,"column":17}},"191":{"start":{"line":384,"column":29},"end":{"line":384,"column":30}},"192":{"start":{"line":386,"column":35},"end":{"line":386,"column":65}},"193":{"start":{"line":387,"column":35},"end":{"line":387,"column":65}},"194":{"start":{"line":389,"column":20},"end":{"line":389,"column":76}},"195":{"start":{"line":395,"column":8},"end":{"line":399,"column":9}},"196":{"start":{"line":396,"column":12},"end":{"line":398,"column":13}},"197":{"start":{"line":397,"column":16},"end":{"line":397,"column":50}},"198":{"start":{"line":407,"column":30},"end":{"line":412,"column":9}},"199":{"start":{"line":414,"column":8},"end":{"line":416,"column":9}},"200":{"start":{"line":415,"column":12},"end":{"line":415,"column":34}},"201":{"start":{"line":419,"column":30},"end":{"line":422,"column":9}},"202":{"start":{"line":424,"column":8},"end":{"line":426,"column":9}},"203":{"start":{"line":425,"column":12},"end":{"line":425,"column":34}},"204":{"start":{"line":429,"column":8},"end":{"line":429,"column":40}},"205":{"start":{"line":430,"column":8},"end":{"line":430,"column":40}},"206":{"start":{"line":431,"column":8},"end":{"line":431,"column":39}},"207":{"start":{"line":438,"column":26},"end":{"line":438,"column":43}},"208":{"start":{"line":441,"column":30},"end":{"line":441,"column":72}},"209":{"start":{"line":442,"column":30},"end":{"line":442,"column":80}},"210":{"start":{"line":443,"column":22},"end":{"line":443,"column":66}},"211":{"start":{"line":444,"column":8},"end":{"line":444,"column":29}},"212":{"start":{"line":445,"column":8},"end":{"line":445,"column":32}},"213":{"start":{"line":446,"column":8},"end":{"line":446,"column":29}},"214":{"start":{"line":449,"column":32},"end":{"line":449,"column":69}},"215":{"start":{"line":450,"column":32},"end":{"line":450,"column":82}},"216":{"start":{"line":451,"column":24},"end":{"line":451,"column":72}},"217":{"start":{"line":452,"column":8},"end":{"line":452,"column":31}},"218":{"start":{"line":453,"column":8},"end":{"line":453,"column":37}},"219":{"start":{"line":454,"column":8},"end":{"line":454,"column":34}},"220":{"start":{"line":455,"column":8},"end":{"line":455,"column":31}},"221":{"start":{"line":457,"column":8},"end":{"line":457,"column":40}},"222":{"start":{"line":458,"column":8},"end":{"line":458,"column":45}},"223":{"start":{"line":459,"column":8},"end":{"line":459,"column":56}},"224":{"start":{"line":460,"column":8},"end":{"line":480,"column":10}},"225":{"start":{"line":471,"column":16},"end":{"line":471,"column":37}},"226":{"start":{"line":472,"column":16},"end":{"line":472,"column":53}},"227":{"start":{"line":473,"column":16},"end":{"line":473,"column":40}},"228":{"start":{"line":476,"column":16},"end":{"line":476,"column":38}},"229":{"start":{"line":477,"column":16},"end":{"line":477,"column":37}},"230":{"start":{"line":478,"column":16},"end":{"line":478,"column":39}},"231":{"start":{"line":482,"column":8},"end":{"line":482,"column":41}},"232":{"start":{"line":483,"column":8},"end":{"line":483,"column":57}},"233":{"start":{"line":490,"column":29},"end":{"line":490,"column":67}},"234":{"start":{"line":491,"column":29},"end":{"line":491,"column":79}},"235":{"start":{"line":492,"column":21},"end":{"line":492,"column":63}},"236":{"start":{"line":493,"column":8},"end":{"line":493,"column":37}},"237":{"start":{"line":494,"column":8},"end":{"line":494,"column":31}},"238":{"start":{"line":495,"column":8},"end":{"line":495,"column":40}},"239":{"start":{"line":496,"column":8},"end":{"line":496,"column":51}},"240":{"start":{"line":497,"column":8},"end":{"line":517,"column":10}},"241":{"start":{"line":508,"column":16},"end":{"line":508,"column":37}},"242":{"start":{"line":509,"column":16},"end":{"line":509,"column":53}},"243":{"start":{"line":510,"column":16},"end":{"line":510,"column":37}},"244":{"start":{"line":513,"column":16},"end":{"line":513,"column":38}},"245":{"start":{"line":514,"column":16},"end":{"line":514,"column":37}},"246":{"start":{"line":515,"column":16},"end":{"line":515,"column":36}},"247":{"start":{"line":519,"column":8},"end":{"line":519,"column":36}},"248":{"start":{"line":520,"column":8},"end":{"line":520,"column":52}},"249":{"start":{"line":527,"column":25},"end":{"line":527,"column":66}},"250":{"start":{"line":528,"column":25},"end":{"line":532,"column":10}},"251":{"start":{"line":533,"column":21},"end":{"line":533,"column":55}},"252":{"start":{"line":534,"column":8},"end":{"line":534,"column":37}},"253":{"start":{"line":535,"column":8},"end":{"line":535,"column":40}},"254":{"start":{"line":536,"column":8},"end":{"line":536,"column":51}},"255":{"start":{"line":537,"column":8},"end":{"line":549,"column":10}},"256":{"start":{"line":551,"column":8},"end":{"line":551,"column":36}},"257":{"start":{"line":552,"column":8},"end":{"line":552,"column":52}},"258":{"start":{"line":560,"column":8},"end":{"line":560,"column":43}},"259":{"start":{"line":561,"column":8},"end":{"line":561,"column":43}},"260":{"start":{"line":562,"column":8},"end":{"line":562,"column":42}},"261":{"start":{"line":565,"column":8},"end":{"line":565,"column":51}},"262":{"start":{"line":566,"column":8},"end":{"line":566,"column":50}},"263":{"start":{"line":573,"column":23},"end":{"line":573,"column":65}},"264":{"start":{"line":574,"column":25},"end":{"line":574,"column":59}},"265":{"start":{"line":575,"column":25},"end":{"line":575,"column":78}},"266":{"start":{"line":577,"column":21},"end":{"line":577,"column":55}},"267":{"start":{"line":578,"column":8},"end":{"line":578,"column":39}},"268":{"start":{"line":579,"column":8},"end":{"line":579,"column":62}},"269":{"start":{"line":581,"column":22},"end":{"line":581,"column":50}},"270":{"start":{"line":582,"column":8},"end":{"line":582,"column":46}},"271":{"start":{"line":584,"column":8},"end":{"line":584,"column":36}},"272":{"start":{"line":591,"column":27},"end":{"line":591,"column":44}},"273":{"start":{"line":592,"column":26},"end":{"line":592,"column":52}},"274":{"start":{"line":594,"column":8},"end":{"line":608,"column":9}},"275":{"start":{"line":594,"column":21},"end":{"line":594,"column":22}},"276":{"start":{"line":595,"column":25},"end":{"line":598,"column":13}},"277":{"start":{"line":600,"column":12},"end":{"line":604,"column":13}},"278":{"start":{"line":601,"column":16},"end":{"line":601,"column":50}},"279":{"start":{"line":603,"column":16},"end":{"line":603,"column":50}},"280":{"start":{"line":606,"column":12},"end":{"line":606,"column":35}},"281":{"start":{"line":607,"column":12},"end":{"line":607,"column":33}},"282":{"start":{"line":610,"column":8},"end":{"line":610,"column":41}},"283":{"start":{"line":611,"column":8},"end":{"line":611,"column":42}},"284":{"start":{"line":619,"column":8},"end":{"line":621,"column":9}},"285":{"start":{"line":620,"column":12},"end":{"line":620,"column":30}},"286":{"start":{"line":624,"column":8},"end":{"line":626,"column":9}},"287":{"start":{"line":625,"column":12},"end":{"line":625,"column":40}}},"fnMap":{"0":{"name":"(anonymous_0)","decl":{"start":{"line":13,"column":4},"end":{"line":13,"column":5}},"loc":{"start":{"line":13,"column":24},"end":{"line":20,"column":5}},"line":13},"1":{"name":"(anonymous_1)","decl":{"start":{"line":25,"column":4},"end":{"line":25,"column":5}},"loc":{"start":{"line":25,"column":13},"end":{"line":33,"column":5}},"line":25},"2":{"name":"(anonymous_2)","decl":{"start":{"line":38,"column":4},"end":{"line":38,"column":5}},"loc":{"start":{"line":38,"column":20},"end":{"line":59,"column":5}},"line":38},"3":{"name":"(anonymous_3)","decl":{"start":{"line":64,"column":4},"end":{"line":64,"column":5}},"loc":{"start":{"line":64,"column":18},"end":{"line":82,"column":5}},"line":64},"4":{"name":"(anonymous_4)","decl":{"start":{"line":87,"column":4},"end":{"line":87,"column":5}},"loc":{"start":{"line":87,"column":23},"end":{"line":115,"column":5}},"line":87},"5":{"name":"(anonymous_5)","decl":{"start":{"line":120,"column":4},"end":{"line":120,"column":5}},"loc":{"start":{"line":120,"column":22},"end":{"line":144,"column":5}},"line":120},"6":{"name":"(anonymous_6)","decl":{"start":{"line":149,"column":4},"end":{"line":149,"column":5}},"loc":{"start":{"line":149,"column":23},"end":{"line":197,"column":5}},"line":149},"7":{"name":"(anonymous_7)","decl":{"start":{"line":202,"column":4},"end":{"line":202,"column":5}},"loc":{"start":{"line":202,"column":18},"end":{"line":222,"column":5}},"line":202},"8":{"name":"(anonymous_8)","decl":{"start":{"line":227,"column":4},"end":{"line":227,"column":5}},"loc":{"start":{"line":227,"column":23},"end":{"line":268,"column":5}},"line":227},"9":{"name":"(anonymous_9)","decl":{"start":{"line":273,"column":4},"end":{"line":273,"column":5}},"loc":{"start":{"line":273,"column":62},"end":{"line":306,"column":5}},"line":273},"10":{"name":"(anonymous_10)","decl":{"start":{"line":311,"column":4},"end":{"line":311,"column":5}},"loc":{"start":{"line":311,"column":17},"end":{"line":372,"column":5}},"line":311},"11":{"name":"(anonymous_11)","decl":{"start":{"line":377,"column":4},"end":{"line":377,"column":5}},"loc":{"start":{"line":377,"column":20},"end":{"line":400,"column":5}},"line":377},"12":{"name":"(anonymous_12)","decl":{"start":{"line":405,"column":4},"end":{"line":405,"column":5}},"loc":{"start":{"line":405,"column":22},"end":{"line":432,"column":5}},"line":405},"13":{"name":"(anonymous_13)","decl":{"start":{"line":437,"column":4},"end":{"line":437,"column":5}},"loc":{"start":{"line":437,"column":21},"end":{"line":484,"column":5}},"line":437},"14":{"name":"(anonymous_14)","decl":{"start":{"line":470,"column":21},"end":{"line":470,"column":22}},"loc":{"start":{"line":470,"column":32},"end":{"line":474,"column":13}},"line":470},"15":{"name":"(anonymous_15)","decl":{"start":{"line":475,"column":21},"end":{"line":475,"column":22}},"loc":{"start":{"line":475,"column":32},"end":{"line":479,"column":13}},"line":475},"16":{"name":"(anonymous_16)","decl":{"start":{"line":489,"column":4},"end":{"line":489,"column":5}},"loc":{"start":{"line":489,"column":21},"end":{"line":521,"column":5}},"line":489},"17":{"name":"(anonymous_17)","decl":{"start":{"line":507,"column":21},"end":{"line":507,"column":22}},"loc":{"start":{"line":507,"column":32},"end":{"line":511,"column":13}},"line":507},"18":{"name":"(anonymous_18)","decl":{"start":{"line":512,"column":21},"end":{"line":512,"column":22}},"loc":{"start":{"line":512,"column":32},"end":{"line":516,"column":13}},"line":512},"19":{"name":"(anonymous_19)","decl":{"start":{"line":526,"column":4},"end":{"line":526,"column":5}},"loc":{"start":{"line":526,"column":28},"end":{"line":553,"column":5}},"line":526},"20":{"name":"(anonymous_20)","decl":{"start":{"line":547,"column":21},"end":{"line":547,"column":22}},"loc":{"start":{"line":547,"column":32},"end":{"line":547,"column":34}},"line":547},"21":{"name":"(anonymous_21)","decl":{"start":{"line":548,"column":21},"end":{"line":548,"column":22}},"loc":{"start":{"line":548,"column":32},"end":{"line":548,"column":34}},"line":548},"22":{"name":"(anonymous_22)","decl":{"start":{"line":558,"column":4},"end":{"line":558,"column":5}},"loc":{"start":{"line":558,"column":24},"end":{"line":567,"column":5}},"line":558},"23":{"name":"(anonymous_23)","decl":{"start":{"line":572,"column":4},"end":{"line":572,"column":5}},"loc":{"start":{"line":572,"column":31},"end":{"line":585,"column":5}},"line":572},"24":{"name":"(anonymous_24)","decl":{"start":{"line":590,"column":4},"end":{"line":590,"column":5}},"loc":{"start":{"line":590,"column":41},"end":{"line":612,"column":5}},"line":590},"25":{"name":"(anonymous_25)","decl":{"start":{"line":617,"column":4},"end":{"line":617,"column":5}},"loc":{"start":{"line":617,"column":26},"end":{"line":627,"column":5}},"line":617}},"branchMap":{"0":{"loc":{"start":{"line":185,"column":12},"end":{"line":185,"column":34}},"type":"if","locations":[{"start":{"line":185,"column":12},"end":{"line":185,"column":34}},{"start":{},"end":{}}],"line":185},"1":{"loc":{"start":{"line":273,"column":43},"end":{"line":273,"column":60}},"type":"default-arg","locations":[{"start":{"line":273,"column":50},"end":{"line":273,"column":60}}],"line":273},"2":{"loc":{"start":{"line":330,"column":12},"end":{"line":335,"column":13}},"type":"if","locations":[{"start":{"line":330,"column":12},"end":{"line":335,"column":13}},{"start":{},"end":{}}],"line":330},"3":{"loc":{"start":{"line":368,"column":12},"end":{"line":370,"column":13}},"type":"if","locations":[{"start":{"line":368,"column":12},"end":{"line":370,"column":13}},{"start":{},"end":{}}],"line":368},"4":{"loc":{"start":{"line":396,"column":12},"end":{"line":398,"column":13}},"type":"if","locations":[{"start":{"line":396,"column":12},"end":{"line":398,"column":13}},{"start":{},"end":{}}],"line":396},"5":{"loc":{"start":{"line":600,"column":12},"end":{"line":604,"column":13}},"type":"if","locations":[{"start":{"line":600,"column":12},"end":{"line":604,"column":13}},{"start":{"line":602,"column":19},"end":{"line":604,"column":13}}],"line":600}},"s":{"0":0,"1":0,"2":0,"3":0,"4":0,"5":0,"6":0,"7":0,"8":0,"9":0,"10":0,"11":0,"12":0,"13":0,"14":0,"15":0,"16":0,"17":0,"18":0,"19":0,"20":0,"21":0,"22":0,"23":0,"24":0,"25":0,"26":0,"27":0,"28":0,"29":0,"30":0,"31":0,"32":0,"33":0,"34":0,"35":0,"36":0,"37":0,"38":0,"39":0,"40":0,"41":0,"42":0,"43":0,"44":0,"45":0,"46":0,"47":0,"48":0,"49":0,"50":0,"51":0,"52":0,"53":0,"54":0,"55":0,"56":0,"57":0,"58":0,"59":0,"60":0,"61":0,"62":0,"63":0,"64":0,"65":0,"66":0,"67":0,"68":0,"69":0,"70":0,"71":0,"72":0,"73":0,"74":0,"75":0,"76":0,"77":0,"78":0,"79":0,"80":0,"81":0,"82":0,"83":0,"84":0,"85":0,"86":0,"87":0,"88":0,"89":0,"90":0,"91":0,"92":0,"93":0,"94":0,"95":0,"96":0,"97":0,"98":0,"99":0,"100":0,"101":0,"102":0,"103":0,"104":0,"105":0,"106":0,"107":0,"108":0,"109":0,"110":0,"111":0,"112":0,"113":0,"114":0,"115":0,"116":0,"117":0,"118":0,"119":0,"120":0,"121":0,"122":0,"123":0,"124":0,"125":0,"126":0,"127":0,"128":0,"129":0,"130":0,"131":0,"132":0,"133":0,"134":0,"135":0,"136":0,"137":0,"138":0,"139":0,"140":0,"141":0,"142":0,"143":0,"144":0,"145":0,"146":0,"147":0,"148":0,"149":0,"150":0,"151":0,"152":0,"153":0,"154":0,"155":0,"156":0,"157":0,"158":0,"159":0,"160":0,"161":0,"162":0,"163":0,"164":0,"165":0,"166":0,"167":0,"168":0,"169":0,"170":0,"171":0,"172":0,"173":0,"174":0,"175":0,"176":0,"177":0,"178":0,"179":0,"180":0,"181":0,"182":0,"183":0,"184":0,"185":0,"186":0,"187":0,"188":0,"189":0,"190":0,"191":0,"192":0,"193":0,"194":0,"195":0,"196":0,"197":0,"198":0,"199":0,"200":0,"201":0,"202":0,"203":0,"204":0,"205":0,"206":0,"207":0,"208":0,"209":0,"210":0,"211":0,"212":0,"213":0,"214":0,"215":0,"216":0,"217":0,"218":0,"219":0,"220":0,"221":0,"222":0,"223":0,"224":0,"225":0,"226":0,"227":0,"228":0,"229":0,"230":0,"231":0,"232":0,"233":0,"234":0,"235":0,"236":0,"237":0,"238":0,"239":0,"240":0,"241":0,"242":0,"243":0,"244":0,"245":0,"246":0,"247":0,"248":0,"249":0,"250":0,"251":0,"252":0,"253":0,"254":0,"255":0,"256":0,"257":0,"258":0,"259":0,"260":0,"261":0,"262":0,"263":0,"264":0,"265":0,"266":0,"267":0,"268":0,"269":0,"270":0,"271":0,"272":0,"273":0,"274":0,"275":0,"276":0,"277":0,"278":0,"279":0,"280":0,"281":0,"282":0,"283":0,"284":0,"285":0,"286":0,"287":0},"f":{"0":0,"1":0,"2":0,"3":0,"4":0,"5":0,"6":0,"7":0,"8":0,"9":0,"10":0,"11":0,"12":0,"13":0,"14":0,"15":0,"16":0,"17":0,"18":0,"19":0,"20":0,"21":0,"22":0,"23":0,"24":0,"25":0},"b":{"0":[0,0],"1":[0],"2":[0,0],"3":[0,0],"4":[0,0],"5":[0,0]}}
}
