TN:
SF:src/data/EnemyData.js
FN:528,getEnemyData
FN:532,getEnemiesByLocation
FNF:2
FNH:0
FNDA:0,getEnemyData
FNDA:0,getEnemiesByLocation
DA:5,1
DA:496,1
DA:529,0
DA:533,0
DA:534,0
DA:535,0
DA:536,0
DA:537,0
DA:541,0
LF:9
LH:2
BRDA:536,0,0,0
BRDA:536,0,1,0
BRF:2
BRH:0
end_of_record
TN:
SF:src/data/NPCData.js
FN:539,getNPCData
FNF:1
FNH:0
FNDA:0,getNPCData
DA:5,1
DA:540,0
DA:541,0
DA:542,0
DA:545,0
LF:5
LH:1
BRDA:541,0,0,0
BRDA:541,0,1,0
BRF:2
BRH:0
end_of_record
TN:
SF:src/engine/GameEngine.js
FN:7,(anonymous_0)
FN:28,(anonymous_1)
FN:66,(anonymous_2)
FN:69,(anonymous_3)
FN:70,(anonymous_4)
FN:71,(anonymous_5)
FN:79,(anonymous_6)
FN:110,(anonymous_7)
FN:137,(anonymous_8)
FN:140,(anonymous_9)
FN:149,(anonymous_10)
FN:159,(anonymous_11)
FN:172,(anonymous_12)
FN:179,(anonymous_13)
FN:186,(anonymous_14)
FN:195,(anonymous_15)
FN:203,(anonymous_16)
FN:224,(anonymous_17)
FN:251,(anonymous_18)
FN:270,(anonymous_19)
FN:282,(anonymous_20)
FN:285,(anonymous_21)
FN:294,(anonymous_22)
FN:302,(anonymous_23)
FN:309,(anonymous_24)
FNF:25
FNH:0
FNDA:0,(anonymous_0)
FNDA:0,(anonymous_1)
FNDA:0,(anonymous_2)
FNDA:0,(anonymous_3)
FNDA:0,(anonymous_4)
FNDA:0,(anonymous_5)
FNDA:0,(anonymous_6)
FNDA:0,(anonymous_7)
FNDA:0,(anonymous_8)
FNDA:0,(anonymous_9)
FNDA:0,(anonymous_10)
FNDA:0,(anonymous_11)
FNDA:0,(anonymous_12)
FNDA:0,(anonymous_13)
FNDA:0,(anonymous_14)
FNDA:0,(anonymous_15)
FNDA:0,(anonymous_16)
FNDA:0,(anonymous_17)
FNDA:0,(anonymous_18)
FNDA:0,(anonymous_19)
FNDA:0,(anonymous_20)
FNDA:0,(anonymous_21)
FNDA:0,(anonymous_22)
FNDA:0,(anonymous_23)
FNDA:0,(anonymous_24)
DA:8,0
DA:9,0
DA:10,0
DA:11,0
DA:12,0
DA:13,0
DA:14,0
DA:15,0
DA:17,0
DA:18,0
DA:19,0
DA:21,0
DA:22,0
DA:30,0
DA:31,0
DA:32,0
DA:35,0
DA:41,0
DA:42,0
DA:45,0
DA:54,0
DA:55,0
DA:56,0
DA:57,0
DA:58,0
DA:59,0
DA:60,0
DA:63,0
DA:66,0
DA:69,0
DA:70,0
DA:71,0
DA:73,0
DA:81,0
DA:82,0
DA:85,0
DA:86,0
DA:87,0
DA:90,0
DA:91,0
DA:92,0
DA:93,0
DA:94,0
DA:95,0
DA:96,0
DA:97,0
DA:98,0
DA:100,0
DA:103,0
DA:104,0
DA:111,0
DA:112,0
DA:113,0
DA:115,0
DA:116,0
DA:119,0
DA:120,0
DA:129,0
DA:130,0
DA:138,0
DA:139,0
DA:140,0
DA:141,0
DA:150,0
DA:151,0
DA:153,0
DA:160,0
DA:161,0
DA:163,0
DA:164,0
DA:165,0
DA:173,0
DA:180,0
DA:187,0
DA:188,0
DA:189,0
DA:196,0
DA:197,0
DA:204,0
DA:205,0
DA:207,0
DA:208,0
DA:211,0
DA:225,0
DA:227,0
DA:228,0
DA:230,0
DA:231,0
DA:234,0
DA:245,0
DA:252,0
DA:255,0
DA:256,0
DA:257,0
DA:262,0
DA:263,0
DA:272,0
DA:273,0
DA:276,0
DA:283,0
DA:285,0
DA:287,0
DA:288,0
DA:295,0
DA:296,0
DA:303,0
DA:310,0
DA:311,0
LF:108
LH:0
BRDA:115,0,0,0
BRDA:115,0,1,0
BRDA:119,1,0,0
BRDA:119,1,1,0
BRDA:139,2,0,0
BRDA:139,2,1,0
BRDA:150,3,0,0
BRDA:150,3,1,0
BRDA:160,4,0,0
BRDA:160,4,1,0
BRDA:164,5,0,0
BRDA:164,5,1,0
BRDA:207,6,0,0
BRDA:207,6,1,0
BRDA:230,7,0,0
BRDA:230,7,1,0
BRDA:256,8,0,0
BRDA:256,8,1,0
BRDA:283,9,0,0
BRDA:283,9,1,0
BRF:20
BRH:0
end_of_record
TN:
SF:src/entities/Enemy.js
FN:10,(anonymous_0)
FN:59,(anonymous_1)
FN:89,(anonymous_2)
FN:144,(anonymous_3)
FN:175,(anonymous_4)
FN:202,(anonymous_5)
FN:215,(anonymous_6)
FN:263,(anonymous_7)
FN:276,(anonymous_8)
FN:298,(anonymous_9)
FN:318,(anonymous_10)
FN:332,(anonymous_11)
FN:349,(anonymous_12)
FN:363,(anonymous_13)
FN:378,(anonymous_14)
FNF:15
FNH:7
FNDA:11,(anonymous_0)
FNDA:11,(anonymous_1)
FNDA:11,(anonymous_2)
FNDA:11,(anonymous_3)
FNDA:0,(anonymous_4)
FNDA:0,(anonymous_5)
FNDA:0,(anonymous_6)
FNDA:0,(anonymous_7)
FNDA:11,(anonymous_8)
FNDA:0,(anonymous_9)
FNDA:0,(anonymous_10)
FNDA:4,(anonymous_11)
FNDA:4,(anonymous_12)
FNDA:0,(anonymous_13)
FNDA:0,(anonymous_14)
DA:11,11
DA:12,11
DA:13,11
DA:14,11
DA:15,11
DA:18,11
DA:19,11
DA:20,11
DA:21,11
DA:22,11
DA:23,11
DA:26,11
DA:29,11
DA:32,11
DA:33,11
DA:34,11
DA:35,11
DA:36,11
DA:37,11
DA:40,11
DA:41,11
DA:42,11
DA:43,11
DA:44,11
DA:47,11
DA:48,11
DA:51,11
DA:53,11
DA:60,11
DA:62,11
DA:68,0
DA:75,0
DA:80,0
DA:90,11
DA:93,11
DA:94,11
DA:97,11
DA:98,11
DA:99,0
DA:100,0
DA:101,0
DA:102,0
DA:103,0
DA:104,0
DA:105,0
DA:106,0
DA:107,0
DA:108,0
DA:110,0
DA:114,11
DA:117,11
DA:118,11
DA:119,11
DA:120,11
DA:121,11
DA:122,11
DA:123,11
DA:124,11
DA:126,11
DA:127,11
DA:128,11
DA:129,11
DA:130,11
DA:131,11
DA:132,11
DA:134,11
DA:135,11
DA:136,11
DA:137,11
DA:138,11
DA:146,11
DA:147,11
DA:148,11
DA:149,11
DA:150,11
DA:151,11
DA:152,11
DA:155,11
DA:156,11
DA:157,11
DA:158,11
DA:159,11
DA:162,11
DA:163,11
DA:164,11
DA:165,11
DA:166,11
DA:167,11
DA:169,11
DA:177,0
DA:178,0
DA:179,0
DA:180,0
DA:181,0
DA:182,0
DA:185,0
DA:186,0
DA:187,0
DA:188,0
DA:189,0
DA:192,0
DA:193,0
DA:195,0
DA:202,0
DA:203,0
DA:204,0
DA:205,0
DA:206,0
DA:209,0
DA:217,0
DA:218,0
DA:219,0
DA:220,0
DA:221,0
DA:222,0
DA:225,0
DA:226,0
DA:227,0
DA:228,0
DA:229,0
DA:230,0
DA:233,0
DA:234,0
DA:235,0
DA:236,0
DA:237,0
DA:239,0
DA:240,0
DA:241,0
DA:244,0
DA:245,0
DA:247,0
DA:248,0
DA:249,0
DA:250,0
DA:252,0
DA:253,0
DA:254,0
DA:255,0
DA:257,0
DA:264,0
DA:265,0
DA:266,0
DA:267,0
DA:268,0
DA:269,0
DA:270,0
DA:278,11
DA:279,11
DA:280,11
DA:281,11
DA:282,11
DA:285,11
DA:286,11
DA:287,11
DA:288,11
DA:289,11
DA:291,11
DA:292,11
DA:299,0
DA:301,0
DA:302,0
DA:303,0
DA:306,0
DA:307,0
DA:308,0
DA:309,0
DA:311,0
DA:319,0
DA:320,0
DA:322,0
DA:323,0
DA:324,0
DA:326,0
DA:333,4
DA:334,4
DA:335,4
DA:336,4
DA:338,4
DA:339,4
DA:343,4
DA:350,4
DA:351,4
DA:352,12
DA:353,8
DA:354,8
DA:357,4
DA:364,0
DA:365,0
DA:366,0
DA:367,0
DA:369,0
DA:370,0
DA:371,0
DA:380,0
DA:381,0
DA:382,0
DA:383,0
DA:385,0
DA:389,0
DA:390,0
DA:391,0
DA:392,0
DA:393,0
DA:398,0
DA:399,0
DA:403,0
DA:405,0
DA:406,0
DA:407,0
DA:410,0
DA:411,0
DA:412,0
DA:413,0
DA:414,0
DA:416,0
DA:418,0
DA:419,0
DA:424,0
DA:426,0
DA:427,0
DA:428,0
DA:429,0
DA:430,0
DA:432,0
DA:433,0
DA:434,0
DA:435,0
DA:438,0
DA:439,0
DA:443,0
DA:445,0
DA:446,0
DA:447,0
DA:450,0
DA:451,0
DA:452,0
DA:455,0
DA:456,0
DA:459,0
DA:460,0
DA:461,0
DA:462,0
DA:463,0
DA:470,0
DA:471,0
DA:472,0
DA:475,0
DA:476,0
DA:477,0
DA:479,0
DA:480,0
LF:252
LH:100
BRDA:18,0,0,11
BRDA:18,0,1,0
BRDA:18,0,2,0
BRDA:19,1,0,11
BRDA:19,1,1,0
BRDA:20,2,0,11
BRDA:20,2,1,0
BRDA:21,3,0,11
BRDA:21,3,1,0
BRDA:21,3,2,0
BRDA:23,4,0,11
BRDA:23,4,1,0
BRDA:25,5,0,0
BRDA:25,5,1,0
BRDA:47,6,0,11
BRDA:47,6,1,11
BRDA:48,7,0,11
BRDA:48,7,1,11
BRDA:60,8,0,11
BRDA:60,8,1,0
BRDA:60,8,2,0
BRDA:60,8,3,0
BRDA:60,8,4,0
BRDA:93,9,0,11
BRDA:93,9,1,0
BRDA:94,10,0,11
BRDA:94,10,1,0
BRDA:97,11,0,11
BRDA:97,11,1,0
BRDA:99,12,0,0
BRDA:99,12,1,0
BRDA:101,13,0,0
BRDA:101,13,1,0
BRDA:103,14,0,0
BRDA:103,14,1,0
BRDA:105,15,0,0
BRDA:105,15,1,0
BRDA:107,16,0,0
BRDA:107,16,1,0
BRDA:121,17,0,0
BRDA:121,17,1,11
BRDA:299,18,0,0
BRDA:299,18,1,0
BRDA:306,19,0,0
BRDA:306,19,1,0
BRDA:308,20,0,0
BRDA:308,20,1,0
BRDA:322,21,0,0
BRDA:322,21,1,0
BRDA:338,22,0,4
BRDA:338,22,1,0
BRDA:352,23,0,8
BRDA:352,23,1,4
BRDA:353,24,0,0
BRDA:353,24,1,8
BRDA:369,25,0,0
BRDA:369,25,1,0
BRDA:380,26,0,0
BRDA:380,26,1,0
BRDA:382,27,0,0
BRDA:382,27,1,0
BRDA:389,28,0,0
BRDA:389,28,1,0
BRDA:389,29,0,0
BRDA:389,29,1,0
BRDA:389,29,2,0
BRDA:391,30,0,0
BRDA:391,30,1,0
BRDA:398,31,0,0
BRDA:398,31,1,0
BRDA:398,32,0,0
BRDA:398,32,1,0
BRDA:405,33,0,0
BRDA:405,33,1,0
BRDA:410,34,0,0
BRDA:410,34,1,0
BRDA:416,35,0,0
BRDA:416,35,1,0
BRDA:426,36,0,0
BRDA:426,36,1,0
BRDA:438,37,0,0
BRDA:438,37,1,0
BRDA:438,38,0,0
BRDA:438,38,1,0
BRDA:445,39,0,0
BRDA:445,39,1,0
BRDA:450,40,0,0
BRDA:450,40,1,0
BRDA:459,41,0,0
BRDA:459,41,1,0
BRDA:470,42,0,0
BRDA:470,42,1,0
BRDA:475,43,0,0
BRDA:475,43,1,0
BRDA:475,44,0,0
BRDA:475,44,1,0
BRDA:479,45,0,0
BRDA:479,45,1,0
BRDA:479,46,0,0
BRDA:479,46,1,0
BRF:100
BRH:18
end_of_record
TN:
SF:src/entities/NPC.js
FN:10,(anonymous_0)
FN:45,(anonymous_1)
FN:73,(anonymous_2)
FN:123,(anonymous_3)
FN:202,(anonymous_4)
FN:211,(anonymous_5)
FNF:6
FNH:0
FNDA:0,(anonymous_0)
FNDA:0,(anonymous_1)
FNDA:0,(anonymous_2)
FNDA:0,(anonymous_3)
FNDA:0,(anonymous_4)
FNDA:0,(anonymous_5)
DA:11,0
DA:12,0
DA:13,0
DA:14,0
DA:15,0
DA:16,0
DA:19,0
DA:20,0
DA:23,0
DA:24,0
DA:25,0
DA:26,0
DA:27,0
DA:28,0
DA:31,0
DA:32,0
DA:35,0
DA:36,0
DA:38,0
DA:39,0
DA:46,0
DA:48,0
DA:49,0
DA:50,0
DA:52,0
DA:53,0
DA:55,0
DA:56,0
DA:57,0
DA:59,0
DA:60,0
DA:61,0
DA:63,0
DA:64,0
DA:66,0
DA:75,0
DA:76,0
DA:80,0
DA:113,0
DA:124,0
DA:127,0
DA:128,0
DA:129,0
DA:130,0
DA:133,0
DA:134,0
DA:135,0
DA:136,0
DA:137,0
DA:138,0
DA:141,0
DA:142,0
DA:143,0
DA:144,0
DA:145,0
DA:146,0
DA:149,0
DA:150,0
DA:151,0
DA:152,0
DA:153,0
DA:155,0
DA:156,0
DA:157,0
DA:160,0
DA:161,0
DA:163,0
DA:164,0
DA:165,0
DA:166,0
DA:168,0
DA:169,0
DA:170,0
DA:171,0
DA:174,0
DA:175,0
DA:176,0
DA:177,0
DA:178,0
DA:179,0
DA:180,0
DA:181,0
DA:183,0
DA:184,0
DA:185,0
DA:186,0
DA:187,0
DA:188,0
DA:190,0
DA:191,0
DA:192,0
DA:193,0
DA:194,0
DA:196,0
DA:203,0
DA:204,0
DA:205,0
DA:213,0
DA:215,0
DA:217,0
DA:218,0
DA:219,0
DA:220,0
DA:222,0
DA:223,0
DA:224,0
DA:225,0
DA:229,0
DA:230,0
DA:234,0
DA:236,0
DA:237,0
DA:238,0
DA:240,0
DA:241,0
DA:244,0
DA:245,0
DA:246,0
DA:247,0
DA:251,0
DA:252,0
DA:256,0
DA:257,0
DA:258,0
LF:124
LH:0
BRDA:15,0,0,0
BRDA:15,0,1,0
BRDA:19,1,0,0
BRDA:19,1,1,0
BRDA:23,2,0,0
BRDA:23,2,1,0
BRDA:23,3,0,0
BRDA:23,3,1,0
BRDA:24,4,0,0
BRDA:24,4,1,0
BRDA:35,5,0,0
BRDA:35,5,1,0
BRDA:35,6,0,0
BRDA:35,6,1,0
BRDA:36,7,0,0
BRDA:36,7,1,0
BRDA:46,8,0,0
BRDA:46,8,1,0
BRDA:46,8,2,0
BRDA:46,8,3,0
BRDA:46,8,4,0
BRDA:46,8,5,0
BRDA:75,9,0,0
BRDA:75,9,1,0
BRDA:75,10,0,0
BRDA:75,10,1,0
BRDA:75,10,2,0
BRDA:113,11,0,0
BRDA:113,11,1,0
BRDA:128,12,0,0
BRDA:128,12,1,0
BRDA:129,13,0,0
BRDA:129,13,1,0
BRDA:130,14,0,0
BRDA:130,14,1,0
BRDA:215,15,0,0
BRDA:215,15,1,0
BRDA:229,16,0,0
BRDA:229,16,1,0
BRDA:229,17,0,0
BRDA:229,17,1,0
BRDA:236,18,0,0
BRDA:236,18,1,0
BRDA:256,19,0,0
BRDA:256,19,1,0
BRF:45
BRH:0
end_of_record
TN:
SF:src/entities/Player.js
FN:10,(anonymous_0)
FN:76,(anonymous_1)
FN:170,(anonymous_2)
FN:178,(anonymous_3)
FN:186,(anonymous_4)
FN:215,(anonymous_5)
FN:231,(anonymous_6)
FN:238,(anonymous_7)
FN:246,(anonymous_8)
FN:293,(anonymous_9)
FN:318,(anonymous_10)
FN:330,(anonymous_11)
FN:331,(anonymous_12)
FNF:13
FNH:12
FNDA:33,(anonymous_0)
FNDA:33,(anonymous_1)
FNDA:3,(anonymous_2)
FNDA:1,(anonymous_3)
FNDA:21,(anonymous_4)
FNDA:1,(anonymous_5)
FNDA:2,(anonymous_6)
FNDA:2,(anonymous_7)
FNDA:0,(anonymous_8)
FNDA:9,(anonymous_9)
FNDA:1,(anonymous_10)
FNDA:8,(anonymous_11)
FNDA:224,(anonymous_12)
DA:11,33
DA:12,33
DA:13,33
DA:14,33
DA:15,33
DA:18,33
DA:36,33
DA:37,33
DA:40,33
DA:47,33
DA:50,33
DA:65,33
DA:66,33
DA:67,33
DA:70,33
DA:77,33
DA:80,33
DA:81,33
DA:82,33
DA:83,33
DA:84,33
DA:85,33
DA:86,33
DA:89,33
DA:90,33
DA:91,33
DA:92,33
DA:93,33
DA:94,33
DA:95,33
DA:98,33
DA:99,33
DA:100,33
DA:101,33
DA:102,33
DA:104,33
DA:105,33
DA:106,33
DA:109,33
DA:110,33
DA:112,33
DA:113,33
DA:114,33
DA:115,33
DA:117,33
DA:118,33
DA:119,33
DA:120,33
DA:123,33
DA:124,33
DA:126,33
DA:127,33
DA:128,33
DA:129,33
DA:131,33
DA:132,33
DA:133,33
DA:134,33
DA:137,33
DA:138,33
DA:139,33
DA:140,33
DA:141,33
DA:142,33
DA:143,33
DA:144,33
DA:146,33
DA:147,33
DA:148,33
DA:149,33
DA:150,33
DA:151,33
DA:153,33
DA:154,33
DA:155,33
DA:156,33
DA:159,33
DA:171,3
DA:172,3
DA:179,1
DA:180,1
DA:187,21
DA:189,21
DA:190,21
DA:191,21
DA:193,21
DA:194,4
DA:197,4
DA:198,1
DA:202,4
DA:206,4
DA:209,17
DA:216,1
DA:225,1
DA:232,2
DA:239,2
DA:240,2
DA:248,0
DA:249,0
DA:253,0
DA:255,0
DA:256,0
DA:257,0
DA:258,0
DA:260,0
DA:263,0
DA:266,0
DA:267,0
DA:268,0
DA:270,0
DA:271,0
DA:272,0
DA:273,0
DA:277,0
DA:278,0
DA:279,0
DA:280,0
DA:284,0
DA:285,0
DA:286,0
DA:295,9
DA:296,6
DA:297,141
DA:298,1
DA:299,1
DA:305,8
DA:306,37
DA:307,7
DA:308,7
DA:312,1
DA:319,1
DA:320,1
DA:321,1
DA:322,1
DA:324,0
DA:331,224
LF:136
LH:112
BRDA:10,0,0,0
BRDA:10,1,0,0
BRDA:187,2,0,0
BRDA:187,2,1,21
BRDA:193,3,0,4
BRDA:193,3,1,17
BRDA:197,4,0,1
BRDA:197,4,1,3
BRDA:248,5,0,0
BRDA:248,5,1,0
BRDA:248,6,0,0
BRDA:248,6,1,0
BRDA:255,7,0,0
BRDA:255,7,1,0
BRDA:284,8,0,0
BRDA:284,8,1,0
BRDA:293,9,0,0
BRDA:295,10,0,6
BRDA:295,10,1,3
BRDA:297,11,0,1
BRDA:297,11,1,140
BRDA:297,12,0,141
BRDA:297,12,1,29
BRDA:306,13,0,7
BRDA:306,13,1,30
BRDA:319,14,0,1
BRDA:319,14,1,0
BRDA:319,15,0,1
BRDA:319,15,1,1
BRF:29
BRH:16
end_of_record
TN:
SF:src/game/GameLogic.js
FN:18,(anonymous_0)
FN:45,(anonymous_1)
FN:104,(anonymous_2)
FN:105,(anonymous_3)
FN:128,(anonymous_4)
FN:136,(anonymous_5)
FN:150,(anonymous_6)
FN:152,(anonymous_7)
FN:156,(anonymous_8)
FN:161,(anonymous_9)
FN:170,(anonymous_10)
FN:176,(anonymous_11)
FN:192,(anonymous_12)
FN:204,(anonymous_13)
FN:206,(anonymous_14)
FN:211,(anonymous_15)
FN:219,(anonymous_16)
FN:262,(anonymous_17)
FN:263,(anonymous_18)
FN:274,(anonymous_19)
FN:276,(anonymous_20)
FN:290,(anonymous_21)
FN:297,(anonymous_22)
FN:307,(anonymous_23)
FN:308,(anonymous_24)
FN:318,(anonymous_25)
FN:324,(anonymous_26)
FN:325,(anonymous_27)
FN:336,(anonymous_28)
FN:373,(anonymous_29)
FN:411,(anonymous_30)
FN:432,(anonymous_31)
FN:457,(anonymous_32)
FNF:33
FNH:0
FNDA:0,(anonymous_0)
FNDA:0,(anonymous_1)
FNDA:0,(anonymous_2)
FNDA:0,(anonymous_3)
FNDA:0,(anonymous_4)
FNDA:0,(anonymous_5)
FNDA:0,(anonymous_6)
FNDA:0,(anonymous_7)
FNDA:0,(anonymous_8)
FNDA:0,(anonymous_9)
FNDA:0,(anonymous_10)
FNDA:0,(anonymous_11)
FNDA:0,(anonymous_12)
FNDA:0,(anonymous_13)
FNDA:0,(anonymous_14)
FNDA:0,(anonymous_15)
FNDA:0,(anonymous_16)
FNDA:0,(anonymous_17)
FNDA:0,(anonymous_18)
FNDA:0,(anonymous_19)
FNDA:0,(anonymous_20)
FNDA:0,(anonymous_21)
FNDA:0,(anonymous_22)
FNDA:0,(anonymous_23)
FNDA:0,(anonymous_24)
FNDA:0,(anonymous_25)
FNDA:0,(anonymous_26)
FNDA:0,(anonymous_27)
FNDA:0,(anonymous_28)
FNDA:0,(anonymous_29)
FNDA:0,(anonymous_30)
FNDA:0,(anonymous_31)
FNDA:0,(anonymous_32)
DA:19,0
DA:20,0
DA:21,0
DA:22,0
DA:23,0
DA:24,0
DA:25,0
DA:26,0
DA:27,0
DA:29,0
DA:30,0
DA:31,0
DA:32,0
DA:34,0
DA:35,0
DA:36,0
DA:37,0
DA:39,0
DA:46,0
DA:48,0
DA:49,0
DA:50,0
DA:53,0
DA:54,0
DA:55,0
DA:56,0
DA:59,0
DA:60,0
DA:61,0
DA:62,0
DA:65,0
DA:66,0
DA:67,0
DA:68,0
DA:69,0
DA:70,0
DA:71,0
DA:72,0
DA:73,0
DA:74,0
DA:77,0
DA:78,0
DA:79,0
DA:81,0
DA:84,0
DA:85,0
DA:86,0
DA:89,0
DA:90,0
DA:93,0
DA:94,0
DA:95,0
DA:96,0
DA:97,0
DA:98,0
DA:100,0
DA:103,0
DA:104,0
DA:105,0
DA:108,0
DA:109,0
DA:111,0
DA:112,0
DA:113,0
DA:116,0
DA:117,0
DA:118,0
DA:120,0
DA:121,0
DA:129,0
DA:130,0
DA:137,0
DA:138,0
DA:140,0
DA:141,0
DA:142,0
DA:144,0
DA:152,0
DA:153,0
DA:156,0
DA:157,0
DA:161,0
DA:162,0
DA:163,0
DA:164,0
DA:165,0
DA:166,0
DA:170,0
DA:171,0
DA:172,0
DA:176,0
DA:177,0
DA:178,0
DA:179,0
DA:181,0
DA:182,0
DA:184,0
DA:185,0
DA:187,0
DA:192,0
DA:193,0
DA:197,0
DA:206,0
DA:207,0
DA:211,0
DA:212,0
DA:220,0
DA:222,0
DA:224,0
DA:227,0
DA:228,0
DA:230,0
DA:231,0
DA:232,0
DA:233,0
DA:234,0
DA:235,0
DA:236,0
DA:238,0
DA:239,0
DA:240,0
DA:242,0
DA:246,0
DA:247,0
DA:249,0
DA:250,0
DA:251,0
DA:252,0
DA:257,0
DA:258,0
DA:259,0
DA:260,0
DA:261,0
DA:262,0
DA:263,0
DA:266,0
DA:267,0
DA:268,0
DA:269,0
DA:272,0
DA:273,0
DA:274,0
DA:277,0
DA:278,0
DA:279,0
DA:281,0
DA:282,0
DA:289,0
DA:291,0
DA:294,0
DA:295,0
DA:297,0
DA:300,0
DA:302,0
DA:303,0
DA:304,0
DA:305,0
DA:306,0
DA:307,0
DA:308,0
DA:319,0
DA:320,0
DA:321,0
DA:322,0
DA:324,0
DA:325,0
DA:326,0
DA:327,0
DA:329,0
DA:337,0
DA:338,0
DA:340,0
DA:341,0
DA:342,0
DA:343,0
DA:345,0
DA:347,0
DA:348,0
DA:349,0
DA:352,0
DA:353,0
DA:356,0
DA:357,0
DA:358,0
DA:359,0
DA:360,0
DA:363,0
DA:364,0
DA:374,0
DA:375,0
DA:376,0
DA:377,0
DA:379,0
DA:380,0
DA:382,0
DA:383,0
DA:384,0
DA:385,0
DA:387,0
DA:388,0
DA:389,0
DA:390,0
DA:391,0
DA:392,0
DA:394,0
DA:397,0
DA:398,0
DA:400,0
DA:412,0
DA:414,0
DA:415,0
DA:416,0
DA:418,0
DA:419,0
DA:420,0
DA:422,0
DA:423,0
DA:424,0
DA:434,0
DA:437,0
DA:438,0
DA:441,0
DA:444,0
DA:447,0
DA:450,0
DA:451,0
LF:226
LH:0
BRDA:162,0,0,0
BRDA:162,0,1,0
BRDA:171,1,0,0
BRDA:171,1,1,0
BRDA:177,2,0,0
BRDA:177,2,1,0
BRDA:222,3,0,0
BRDA:222,3,1,0
BRDA:222,4,0,0
BRDA:222,4,1,0
BRDA:224,5,0,0
BRDA:224,5,1,0
BRDA:227,6,0,0
BRDA:227,6,1,0
BRDA:228,7,0,0
BRDA:228,7,1,0
BRDA:233,8,0,0
BRDA:233,8,1,0
BRDA:234,9,0,0
BRDA:234,9,1,0
BRDA:235,10,0,0
BRDA:235,10,1,0
BRDA:235,11,0,0
BRDA:235,11,1,0
BRDA:238,12,0,0
BRDA:238,12,1,0
BRDA:239,13,0,0
BRDA:239,13,1,0
BRDA:240,14,0,0
BRDA:240,14,1,0
BRDA:242,15,0,0
BRDA:242,15,1,0
BRDA:243,16,0,0
BRDA:243,16,1,0
BRDA:246,17,0,0
BRDA:246,17,1,0
BRDA:249,18,0,0
BRDA:249,18,1,0
BRDA:250,19,0,0
BRDA:250,19,1,0
BRDA:251,20,0,0
BRDA:251,20,1,0
BRDA:251,21,0,0
BRDA:251,21,1,0
BRDA:257,22,0,0
BRDA:257,22,1,0
BRDA:258,23,0,0
BRDA:258,23,1,0
BRDA:259,24,0,0
BRDA:259,24,1,0
BRDA:260,25,0,0
BRDA:260,25,1,0
BRDA:266,26,0,0
BRDA:266,26,1,0
BRDA:267,27,0,0
BRDA:267,27,1,0
BRDA:268,28,0,0
BRDA:268,28,1,0
BRDA:272,29,0,0
BRDA:272,29,1,0
BRDA:273,30,0,0
BRDA:273,30,1,0
BRDA:278,31,0,0
BRDA:278,31,1,0
BRDA:278,32,0,0
BRDA:278,32,1,0
BRDA:281,33,0,0
BRDA:281,33,1,0
BRDA:281,34,0,0
BRDA:281,34,1,0
BRDA:291,35,0,0
BRDA:291,35,1,0
BRDA:292,36,0,0
BRDA:292,36,1,0
BRDA:294,37,0,0
BRDA:294,37,1,0
BRDA:302,38,0,0
BRDA:302,38,1,0
BRDA:303,39,0,0
BRDA:303,39,1,0
BRDA:304,40,0,0
BRDA:304,40,1,0
BRDA:340,41,0,0
BRDA:340,41,1,0
BRDA:340,42,0,0
BRDA:340,42,1,0
BRDA:341,43,0,0
BRDA:341,43,1,0
BRDA:341,44,0,0
BRDA:341,44,1,0
BRDA:342,45,0,0
BRDA:342,45,1,0
BRDA:342,46,0,0
BRDA:342,46,1,0
BRDA:343,47,0,0
BRDA:343,47,1,0
BRDA:343,48,0,0
BRDA:343,48,1,0
BRDA:345,49,0,0
BRDA:345,49,1,0
BRDA:345,50,0,0
BRDA:345,50,1,0
BRDA:357,51,0,0
BRDA:357,51,1,0
BRDA:357,52,0,0
BRDA:357,52,1,0
BRDA:357,52,2,0
BRDA:357,52,3,0
BRDA:363,53,0,0
BRDA:363,53,1,0
BRDA:363,54,0,0
BRDA:363,54,1,0
BRDA:379,55,0,0
BRDA:379,55,1,0
BRDA:380,56,0,0
BRDA:380,56,1,0
BRDA:418,57,0,0
BRDA:418,57,1,0
BRF:118
BRH:0
end_of_record
TN:
SF:src/systems/CombatSystem.js
FN:9,(anonymous_0)
FN:19,(anonymous_1)
FN:32,(anonymous_2)
FN:44,(anonymous_3)
FN:76,(anonymous_4)
FN:121,(anonymous_5)
FN:178,(anonymous_6)
FNF:7
FNH:7
FNDA:11,(anonymous_0)
FNDA:7,(anonymous_1)
FNDA:5,(anonymous_2)
FNDA:1,(anonymous_3)
FNDA:1,(anonymous_4)
FNDA:4,(anonymous_5)
FNDA:3,(anonymous_6)
DA:10,11
DA:11,11
DA:12,11
DA:13,11
DA:20,7
DA:22,6
DA:23,6
DA:24,6
DA:26,6
DA:33,5
DA:34,5
DA:36,5
DA:37,5
DA:38,5
DA:45,1
DA:46,1
DA:47,1
DA:49,1
DA:50,1
DA:53,1
DA:61,1
DA:62,1
DA:66,0
DA:67,0
DA:70,0
DA:77,1
DA:78,0
DA:79,0
DA:82,1
DA:83,1
DA:86,1
DA:88,1
DA:89,1
DA:93,0
DA:95,0
DA:96,0
DA:99,0
DA:101,0
DA:107,0
DA:109,0
DA:110,0
DA:115,0
DA:123,4
DA:126,4
DA:128,4
DA:129,4
DA:130,4
DA:131,4
DA:134,4
DA:137,4
DA:141,4
DA:147,4
DA:148,0
DA:150,0
DA:151,0
DA:153,0
DA:154,0
DA:155,0
DA:156,0
DA:162,0
DA:165,0
DA:169,4
DA:172,4
DA:180,3
DA:181,3
DA:183,3
DA:184,1
LF:67
LH:44
BRDA:20,0,0,1
BRDA:20,0,1,6
BRDA:20,1,0,7
BRDA:20,1,1,7
BRDA:33,2,0,5
BRDA:33,2,1,0
BRDA:45,3,0,1
BRDA:45,3,1,0
BRDA:46,4,0,1
BRDA:46,4,1,0
BRDA:47,5,0,0
BRDA:47,5,1,1
BRDA:49,6,0,1
BRDA:49,6,1,0
BRDA:50,7,0,0
BRDA:50,7,1,1
BRDA:61,8,0,1
BRDA:61,8,1,0
BRDA:66,9,0,0
BRDA:66,9,1,0
BRDA:77,10,0,0
BRDA:77,10,1,1
BRDA:77,11,0,1
BRDA:77,11,1,1
BRDA:86,12,0,1
BRDA:86,12,1,0
BRDA:95,13,0,0
BRDA:95,13,1,0
BRDA:109,14,0,0
BRDA:109,14,1,0
BRDA:137,15,0,0
BRDA:137,15,1,4
BRDA:138,16,0,0
BRDA:138,16,1,0
BRDA:147,17,0,0
BRDA:147,17,1,4
BRDA:153,18,0,0
BRDA:153,18,1,0
BRDA:155,19,0,0
BRDA:155,19,1,0
BRDA:180,20,0,3
BRDA:180,20,1,0
BRDA:180,21,0,3
BRDA:180,21,1,3
BRDA:183,22,0,1
BRDA:183,22,1,2
BRF:46
BRH:22
end_of_record
TN:
SF:src/systems/LootSystem.js
FN:94,(anonymous_0)
FN:101,(anonymous_1)
FN:150,(anonymous_2)
FN:191,(anonymous_3)
FN:237,(anonymous_4)
FN:241,(anonymous_5)
FN:277,(anonymous_6)
FNF:7
FNH:7
FNDA:38,(anonymous_0)
FNDA:1061,(anonymous_1)
FNDA:10003,(anonymous_2)
FNDA:1081,(anonymous_3)
FNDA:11,(anonymous_4)
FNDA:1093,(anonymous_5)
FNDA:6,(anonymous_6)
DA:5,1
DA:14,1
DA:95,38
DA:102,1061
DA:103,1061
DA:105,1060
DA:107,1060
DA:109,3250
DA:110,14
DA:111,1
DA:112,1
DA:114,14
DA:118,3236
DA:121,2648
DA:123,510
DA:124,510
DA:126,2138
DA:129,2648
DA:138,1060
DA:144,1060
DA:151,10003
DA:152,10003
DA:155,10003
DA:156,10003
DA:157,90027
DA:161,10003
DA:164,10003
DA:165,25035
DA:166,25035
DA:168,10003
DA:169,8905
DA:170,8905
DA:172,1098
DA:175,10003
DA:181,10003
DA:185,10003
DA:193,1081
DA:225,1081
DA:226,1081
DA:227,2682
DA:228,2682
DA:231,1081
DA:238,11
DA:240,11
DA:241,1093
DA:244,11
DA:251,11
DA:252,1075
DA:253,1075
DA:255,1075
DA:256,2676
DA:257,2676
DA:259,2676
DA:260,0
DA:269,11
DA:271,11
DA:278,6
DA:280,5
DA:281,5
DA:282,6
DA:283,6
DA:284,6
DA:285,6
DA:288,5
LF:64
LH:63
BRDA:103,0,0,1
BRDA:103,0,1,1060
BRDA:109,1,0,14
BRDA:109,1,1,3236
BRDA:110,2,0,1
BRDA:110,2,1,13
BRDA:118,3,0,2648
BRDA:118,3,1,588
BRDA:121,4,0,510
BRDA:121,4,1,2138
BRDA:133,5,0,2648
BRDA:133,5,1,2648
BRDA:166,6,0,10003
BRDA:166,6,1,15032
BRDA:168,7,0,8905
BRDA:168,7,1,1098
BRDA:227,8,0,2682
BRDA:227,8,1,14
BRDA:237,9,0,6
BRDA:240,10,0,5
BRDA:240,10,1,6
BRDA:256,11,0,2676
BRDA:256,11,1,49
BRDA:259,12,0,0
BRDA:259,12,1,2676
BRDA:259,13,0,2676
BRDA:259,13,1,2676
BRDA:269,14,0,10
BRDA:269,14,1,1
BRDA:278,15,0,1
BRDA:278,15,1,5
BRDA:283,16,0,1
BRDA:283,16,1,5
BRDA:284,17,0,1
BRDA:284,17,1,5
BRF:35
BRH:34
end_of_record
TN:
SF:src/systems/QuestSystem.js
FN:243,(anonymous_0)
FN:252,(anonymous_1)
FN:263,(anonymous_2)
FN:294,(anonymous_3)
FN:308,(anonymous_4)
FN:316,(anonymous_5)
FN:332,(anonymous_6)
FN:350,(anonymous_7)
FN:371,(anonymous_8)
FN:385,(anonymous_9)
FN:389,(anonymous_10)
FN:390,(anonymous_11)
FN:393,(anonymous_12)
FN:400,(anonymous_13)
FN:420,(anonymous_14)
FN:450,(anonymous_15)
FNF:16
FNH:13
FNDA:26,(anonymous_0)
FNDA:26,(anonymous_1)
FNDA:21,(anonymous_2)
FNDA:16,(anonymous_3)
FNDA:0,(anonymous_4)
FNDA:0,(anonymous_5)
FNDA:5,(anonymous_6)
FNDA:5,(anonymous_7)
FNDA:0,(anonymous_8)
FNDA:1,(anonymous_9)
FNDA:1,(anonymous_10)
FNDA:1,(anonymous_11)
FNDA:2,(anonymous_12)
FNDA:4,(anonymous_13)
FNDA:3,(anonymous_14)
FNDA:3,(anonymous_15)
DA:5,1
DA:11,1
DA:244,26
DA:245,26
DA:246,26
DA:247,26
DA:249,26
DA:253,26
DA:254,156
DA:264,21
DA:265,21
DA:267,21
DA:268,1
DA:272,20
DA:273,4
DA:274,6
DA:275,3
DA:281,17
DA:282,1
DA:283,2
DA:284,0
DA:285,0
DA:286,0
DA:291,17
DA:295,16
DA:296,16
DA:297,2
DA:300,14
DA:301,14
DA:302,14
DA:303,14
DA:305,14
DA:309,0
DA:310,0
DA:312,0
DA:315,0
DA:316,0
DA:317,0
DA:320,0
DA:321,0
DA:324,0
DA:325,0
DA:329,0
DA:333,5
DA:334,5
DA:336,5
DA:337,5
DA:338,5
DA:341,5
DA:343,5
DA:352,5
DA:353,5
DA:357,5
DA:358,15
DA:359,5
DA:364,5
DA:365,5
DA:372,0
DA:373,0
DA:375,0
DA:386,1
DA:390,1
DA:394,2
DA:402,4
DA:403,9
DA:404,3
DA:405,1
DA:406,2
DA:407,1
DA:408,1
DA:409,1
DA:410,1
DA:414,1
DA:421,3
DA:423,3
DA:424,18
DA:425,2
DA:426,1
DA:427,1
DA:428,1
DA:434,1
DA:435,1
DA:444,3
DA:451,3
DA:452,2
DA:453,2
DA:454,1
DA:459,1
DA:464,1
DA:465,1
DA:466,1
DA:467,1
DA:468,1
DA:475,0
LF:94
LH:76
BRDA:265,0,0,0
BRDA:265,0,1,21
BRDA:267,1,0,1
BRDA:267,1,1,20
BRDA:272,2,0,4
BRDA:272,2,1,16
BRDA:274,3,0,3
BRDA:274,3,1,3
BRDA:281,4,0,1
BRDA:281,4,1,16
BRDA:283,5,0,0
BRDA:283,5,1,2
BRDA:284,6,0,0
BRDA:284,6,1,0
BRDA:285,7,0,0
BRDA:285,7,1,0
BRDA:296,8,0,2
BRDA:296,8,1,14
BRDA:310,9,0,0
BRDA:310,9,1,0
BRDA:310,10,0,0
BRDA:310,10,1,0
BRDA:320,11,0,0
BRDA:320,11,1,0
BRDA:324,12,0,0
BRDA:324,12,1,0
BRDA:334,13,0,0
BRDA:334,13,1,5
BRDA:352,14,0,5
BRDA:352,14,1,0
BRDA:353,15,0,5
BRDA:353,15,1,5
BRDA:358,16,0,5
BRDA:358,16,1,10
BRDA:364,17,0,5
BRDA:364,17,1,0
BRDA:373,18,0,0
BRDA:373,18,1,0
BRDA:380,19,0,0
BRDA:380,19,1,0
BRDA:394,20,0,2
BRDA:394,20,1,1
BRDA:403,21,0,3
BRDA:403,21,1,6
BRDA:403,22,0,9
BRDA:403,22,1,6
BRDA:404,23,0,1
BRDA:404,23,1,2
BRDA:406,24,0,1
BRDA:406,24,1,1
BRDA:408,25,0,1
BRDA:408,25,1,0
BRDA:409,26,0,1
BRDA:409,26,1,0
BRDA:424,27,0,2
BRDA:424,27,1,16
BRDA:424,28,0,18
BRDA:424,28,1,16
BRDA:425,29,0,1
BRDA:425,29,1,1
BRDA:427,30,0,1
BRDA:427,30,1,0
BRDA:434,31,0,1
BRDA:434,31,1,0
BRDA:451,32,0,2
BRDA:451,32,1,1
BRDA:453,33,0,1
BRDA:453,33,1,1
BRDA:455,34,0,1
BRDA:455,34,1,0
BRDA:460,35,0,1
BRDA:460,35,1,0
BRDA:464,36,0,1
BRDA:464,36,1,0
BRDA:466,37,0,1
BRDA:466,37,1,0
BRDA:466,38,0,1
BRDA:466,38,1,1
BRDA:469,39,0,1
BRDA:469,39,1,0
BRF:80
BRH:50
end_of_record
TN:
SF:src/systems/ShopSystem.js
FN:205,(anonymous_0)
FN:215,(anonymous_1)
FN:219,(anonymous_2)
FN:224,(anonymous_3)
FN:239,(anonymous_4)
FN:243,(anonymous_5)
FN:248,(anonymous_6)
FN:308,(anonymous_7)
FN:319,(anonymous_8)
FN:324,(anonymous_9)
FN:356,(anonymous_10)
FN:368,(anonymous_11)
FN:375,(anonymous_12)
FN:379,(anonymous_13)
FN:393,(anonymous_14)
FN:403,(anonymous_15)
FN:416,(anonymous_16)
FN:430,(anonymous_17)
FN:438,(anonymous_18)
FN:442,(anonymous_19)
FN:446,(anonymous_20)
FNF:21
FNH:20
FNDA:40,(anonymous_0)
FNDA:40,(anonymous_1)
FNDA:760,(anonymous_2)
FNDA:26,(anonymous_3)
FNDA:4,(anonymous_4)
FNDA:10,(anonymous_5)
FNDA:18,(anonymous_6)
FNDA:6,(anonymous_7)
FNDA:8,(anonymous_8)
FNDA:27,(anonymous_9)
FNDA:6,(anonymous_10)
FNDA:0,(anonymous_11)
FNDA:2,(anonymous_12)
FNDA:2,(anonymous_13)
FNDA:8,(anonymous_14)
FNDA:5,(anonymous_15)
FNDA:6,(anonymous_16)
FNDA:7,(anonymous_17)
FNDA:1,(anonymous_18)
FNDA:2,(anonymous_19)
FNDA:1,(anonymous_20)
DA:5,1
DA:206,40
DA:207,40
DA:208,40
DA:209,40
DA:210,40
DA:212,40
DA:216,40
DA:217,120
DA:219,760
DA:225,26
DA:226,26
DA:227,1
DA:231,25
DA:232,1
DA:235,24
DA:236,24
DA:240,4
DA:244,10
DA:245,1
DA:248,18
DA:249,9
DA:250,1
DA:254,8
DA:255,1
DA:259,7
DA:260,7
DA:261,7
DA:262,1
DA:271,6
DA:274,6
DA:275,6
DA:276,1
DA:283,5
DA:284,1
DA:288,4
DA:289,4
DA:292,4
DA:293,6
DA:297,4
DA:299,4
DA:309,6
DA:310,1
DA:313,5
DA:314,5
DA:315,1
DA:319,8
DA:320,1
DA:324,27
DA:325,3
DA:327,3
DA:328,0
DA:332,3
DA:335,3
DA:336,0
DA:338,3
DA:342,3
DA:345,3
DA:346,3
DA:349,3
DA:357,6
DA:358,6
DA:360,6
DA:363,6
DA:364,0
DA:368,6
DA:369,0
DA:372,6
DA:376,2
DA:377,2
DA:379,2
DA:380,2
DA:382,2
DA:383,1
DA:386,1
DA:387,1
DA:395,8
DA:396,35
DA:397,7
DA:400,1
DA:405,5
DA:406,32
DA:407,4
DA:408,4
DA:413,1
DA:417,6
DA:418,6
DA:419,6
DA:420,6
DA:421,1
DA:422,1
DA:424,6
DA:427,0
DA:431,7
DA:432,7
DA:433,196
DA:435,7
DA:439,1
DA:443,2
LF:99
LH:94
BRDA:226,0,0,1
BRDA:226,0,1,25
BRDA:231,1,0,1
BRDA:231,1,1,24
BRDA:231,2,0,25
BRDA:231,2,1,2
BRDA:243,3,0,0
BRDA:244,4,0,1
BRDA:244,4,1,9
BRDA:249,5,0,1
BRDA:249,5,1,8
BRDA:254,6,0,1
BRDA:254,6,1,7
BRDA:259,7,0,7
BRDA:259,7,1,0
BRDA:261,8,0,1
BRDA:261,8,1,6
BRDA:275,9,0,1
BRDA:275,9,1,5
BRDA:283,10,0,1
BRDA:283,10,1,4
BRDA:308,11,0,0
BRDA:309,12,0,1
BRDA:309,12,1,5
BRDA:314,13,0,1
BRDA:314,13,1,4
BRDA:319,14,0,1
BRDA:319,14,1,3
BRDA:319,15,0,4
BRDA:319,15,1,1
BRDA:325,16,0,3
BRDA:325,16,1,0
BRDA:327,17,0,0
BRDA:327,17,1,3
BRDA:335,18,0,0
BRDA:335,18,1,3
BRDA:335,19,0,3
BRDA:335,19,1,3
BRDA:345,20,0,3
BRDA:345,20,1,0
BRDA:358,21,0,0
BRDA:358,21,1,6
BRDA:363,22,0,0
BRDA:363,22,1,6
BRDA:377,23,0,0
BRDA:377,23,1,2
BRDA:380,24,0,0
BRDA:380,24,1,2
BRDA:382,25,0,1
BRDA:382,25,1,1
BRDA:386,26,0,1
BRDA:386,26,1,0
BRDA:396,27,0,7
BRDA:396,27,1,28
BRDA:396,28,0,35
BRDA:396,28,1,7
BRDA:397,29,0,7
BRDA:397,29,1,0
BRDA:406,30,0,4
BRDA:406,30,1,28
BRDA:406,31,0,32
BRDA:406,31,1,4
BRDA:418,32,0,6
BRDA:418,32,1,0
BRDA:418,33,0,6
BRDA:418,33,1,6
BRDA:420,34,0,1
BRDA:420,34,1,5
BRDA:433,35,0,158
BRDA:433,35,1,38
BRF:70
BRH:56
end_of_record
TN:
SF:src/systems/SkillsSystem.js
FN:8,(anonymous_0)
FN:19,(anonymous_1)
FN:26,(anonymous_2)
FN:89,(anonymous_3)
FN:108,(anonymous_4)
FN:126,(anonymous_5)
FNF:6
FNH:6
FNDA:28,(anonymous_0)
FNDA:9,(anonymous_1)
FNDA:18,(anonymous_2)
FNDA:25,(anonymous_3)
FNDA:20,(anonymous_4)
FNDA:5,(anonymous_5)
DA:9,28
DA:10,28
DA:13,28
DA:20,9
DA:27,18
DA:29,15
DA:30,15
DA:32,15
DA:35,15
DA:36,1
DA:40,1
DA:44,14
DA:46,14
DA:48,11
DA:51,11
DA:52,11
DA:54,11
DA:55,11
DA:56,11
DA:57,10
DA:62,1
DA:70,11
DA:71,11
DA:72,11
DA:75,11
DA:76,4
DA:79,3
DA:90,25
DA:102,25
DA:109,20
DA:120,20
DA:128,5
DA:129,6
DA:130,5
DA:131,5
DA:132,2
LF:36
LH:36
BRDA:27,0,0,3
BRDA:27,0,1,15
BRDA:27,1,0,18
BRDA:27,1,1,17
BRDA:30,2,0,0
BRDA:30,2,1,15
BRDA:35,3,0,1
BRDA:35,3,1,14
BRDA:46,4,0,11
BRDA:46,4,1,3
BRDA:54,5,0,11
BRDA:54,5,1,0
BRDA:56,6,0,10
BRDA:56,6,1,1
BRDA:75,7,0,4
BRDA:75,7,1,7
BRDA:129,8,0,5
BRDA:129,8,1,1
BRDA:131,9,0,2
BRDA:131,9,1,3
BRF:20
BRH:18
end_of_record
TN:
SF:src/ui/UIManager.js
FN:8,(anonymous_0)
FN:20,(anonymous_1)
FN:23,(anonymous_2)
FN:24,(anonymous_3)
FN:32,(anonymous_4)
FN:44,(anonymous_5)
FN:54,(anonymous_6)
FN:58,(anonymous_7)
FN:70,(anonymous_8)
FN:74,(anonymous_9)
FN:79,(anonymous_10)
FN:92,(anonymous_11)
FN:124,(anonymous_12)
FN:140,(anonymous_13)
FN:171,(anonymous_14)
FN:181,(anonymous_15)
FN:187,(anonymous_16)
FN:188,(anonymous_17)
FN:189,(anonymous_18)
FN:197,(anonymous_19)
FN:198,(anonymous_20)
FN:209,(anonymous_21)
FN:217,(anonymous_22)
FN:231,(anonymous_23)
FN:242,(anonymous_24)
FN:254,(anonymous_25)
FN:264,(anonymous_26)
FN:284,(anonymous_27)
FN:298,(anonymous_28)
FN:322,(anonymous_29)
FN:369,(anonymous_30)
FNF:31
FNH:0
FNDA:0,(anonymous_0)
FNDA:0,(anonymous_1)
FNDA:0,(anonymous_2)
FNDA:0,(anonymous_3)
FNDA:0,(anonymous_4)
FNDA:0,(anonymous_5)
FNDA:0,(anonymous_6)
FNDA:0,(anonymous_7)
FNDA:0,(anonymous_8)
FNDA:0,(anonymous_9)
FNDA:0,(anonymous_10)
FNDA:0,(anonymous_11)
FNDA:0,(anonymous_12)
FNDA:0,(anonymous_13)
FNDA:0,(anonymous_14)
FNDA:0,(anonymous_15)
FNDA:0,(anonymous_16)
FNDA:0,(anonymous_17)
FNDA:0,(anonymous_18)
FNDA:0,(anonymous_19)
FNDA:0,(anonymous_20)
FNDA:0,(anonymous_21)
FNDA:0,(anonymous_22)
FNDA:0,(anonymous_23)
FNDA:0,(anonymous_24)
FNDA:0,(anonymous_25)
FNDA:0,(anonymous_26)
FNDA:0,(anonymous_27)
FNDA:0,(anonymous_28)
FNDA:0,(anonymous_29)
FNDA:0,(anonymous_30)
DA:9,0
DA:10,0
DA:12,0
DA:13,0
DA:14,0
DA:22,0
DA:23,0
DA:24,0
DA:25,0
DA:30,0
DA:31,0
DA:32,0
DA:33,0
DA:34,0
DA:35,0
DA:45,0
DA:46,0
DA:49,0
DA:50,0
DA:51,0
DA:52,0
DA:54,0
DA:55,0
DA:58,0
DA:59,0
DA:60,0
DA:63,0
DA:71,0
DA:74,0
DA:75,0
DA:79,0
DA:80,0
DA:83,0
DA:84,0
DA:85,0
DA:94,0
DA:95,0
DA:96,0
DA:97,0
DA:98,0
DA:99,0
DA:103,0
DA:104,0
DA:105,0
DA:106,0
DA:107,0
DA:108,0
DA:112,0
DA:113,0
DA:114,0
DA:118,0
DA:125,0
DA:126,0
DA:127,0
DA:128,0
DA:129,0
DA:131,0
DA:132,0
DA:141,0
DA:143,0
DA:144,0
DA:145,0
DA:147,0
DA:149,0
DA:150,0
DA:151,0
DA:156,0
DA:157,0
DA:162,0
DA:163,0
DA:164,0
DA:172,0
DA:173,0
DA:174,0
DA:182,0
DA:183,0
DA:186,0
DA:187,0
DA:188,0
DA:189,0
DA:192,0
DA:193,0
DA:194,0
DA:197,0
DA:198,0
DA:199,0
DA:200,0
DA:202,0
DA:210,0
DA:211,0
DA:213,0
DA:214,0
DA:215,0
DA:216,0
DA:217,0
DA:218,0
DA:219,0
DA:220,0
DA:222,0
DA:225,0
DA:232,0
DA:233,0
DA:235,0
DA:243,0
DA:244,0
DA:245,0
DA:246,0
DA:255,0
DA:256,0
DA:258,0
DA:265,0
DA:266,0
DA:268,0
DA:269,0
DA:270,0
DA:272,0
DA:273,0
DA:276,0
DA:277,0
DA:285,0
DA:287,0
DA:290,0
DA:291,0
DA:299,0
DA:300,0
DA:302,0
DA:304,0
DA:305,0
DA:307,0
DA:308,0
DA:309,0
DA:311,0
DA:312,0
DA:313,0
DA:315,0
DA:323,0
DA:324,0
DA:326,0
DA:327,0
DA:328,0
DA:331,0
DA:332,0
DA:334,0
DA:335,0
DA:336,0
DA:339,0
DA:340,0
DA:343,0
DA:344,0
DA:345,0
DA:346,0
DA:347,0
DA:351,0
DA:352,0
DA:353,0
DA:354,0
DA:355,0
DA:356,0
DA:360,0
DA:361,0
DA:362,0
DA:363,0
DA:370,0
LF:163
LH:0
BRDA:31,0,0,0
BRDA:31,0,1,0
BRDA:33,1,0,0
BRDA:33,1,1,0
BRDA:46,2,0,0
BRDA:46,2,1,0
BRDA:84,3,0,0
BRDA:84,3,1,0
BRDA:96,4,0,0
BRDA:96,4,1,0
BRDA:96,5,0,0
BRDA:96,5,1,0
BRDA:105,6,0,0
BRDA:105,6,1,0
BRDA:105,7,0,0
BRDA:105,7,1,0
BRDA:113,8,0,0
BRDA:113,8,1,0
BRDA:127,9,0,0
BRDA:127,9,1,0
BRDA:131,10,0,0
BRDA:131,10,1,0
BRDA:132,11,0,0
BRDA:132,11,1,0
BRDA:145,12,0,0
BRDA:145,12,1,0
BRDA:149,13,0,0
BRDA:149,13,1,0
BRDA:153,14,0,0
BRDA:153,14,1,0
BRDA:163,15,0,0
BRDA:163,15,1,0
BRDA:173,16,0,0
BRDA:173,16,1,0
BRDA:174,17,0,0
BRDA:174,17,1,0
BRDA:183,18,0,0
BRDA:183,18,1,0
BRDA:233,19,0,0
BRDA:233,19,1,0
BRDA:244,20,0,0
BRDA:244,20,1,0
BRDA:256,21,0,0
BRDA:256,21,1,0
BRDA:264,22,0,0
BRDA:266,23,0,0
BRDA:266,23,1,0
BRDA:285,24,0,0
BRDA:285,24,1,0
BRDA:290,25,0,0
BRDA:290,25,1,0
BRDA:302,26,0,0
BRDA:302,26,1,0
BRDA:302,26,2,0
BRDA:302,26,3,0
BRDA:324,27,0,0
BRDA:324,27,1,0
BRDA:353,28,0,0
BRDA:353,28,1,0
BRF:59
BRH:0
end_of_record
TN:
SF:src/utils/Constants.js
FNF:0
FNH:0
DA:5,4
DA:6,4
DA:9,4
DA:10,4
DA:11,4
DA:14,4
DA:15,4
DA:16,4
DA:19,4
DA:35,4
DA:53,4
DA:129,4
DA:142,4
DA:151,4
DA:163,4
DA:190,4
LF:16
LH:16
BRF:0
BRH:0
end_of_record
TN:
SF:src/utils/XPCalculator.js
FN:11,(anonymous_0)
FN:23,(anonymous_1)
FN:32,(anonymous_2)
FN:41,(anonymous_3)
FN:55,(anonymous_4)
FN:67,(anonymous_5)
FN:75,(anonymous_6)
FNF:7
FNH:7
FNDA:32,(anonymous_0)
FNDA:9,(anonymous_1)
FNDA:2,(anonymous_2)
FNDA:3,(anonymous_3)
FNDA:3,(anonymous_4)
FNDA:6,(anonymous_5)
FNDA:6,(anonymous_6)
DA:12,32
DA:13,470
DA:14,32
DA:17,0
DA:24,9
DA:25,8
DA:26,7
DA:33,2
DA:34,2
DA:35,1
DA:42,3
DA:43,3
DA:45,2
DA:46,2
DA:47,2
DA:49,2
DA:56,3
DA:57,3
DA:58,3
DA:59,3
DA:61,3
DA:68,6
DA:69,6
DA:76,6
DA:77,6
DA:79,6
DA:80,2
DA:82,4
LF:28
LH:27
BRDA:13,0,0,32
BRDA:13,0,1,438
BRDA:24,1,0,1
BRDA:24,1,1,8
BRDA:25,2,0,1
BRDA:25,2,1,7
BRDA:34,3,0,1
BRDA:34,3,1,1
BRDA:43,4,0,1
BRDA:43,4,1,2
BRDA:67,5,0,0
BRDA:79,6,0,2
BRDA:79,6,1,4
BRF:13
BRH:12
end_of_record
TN:
SF:src/world/Lumbridge.js
FN:13,(anonymous_0)
FN:25,(anonymous_1)
FN:38,(anonymous_2)
FN:64,(anonymous_3)
FN:87,(anonymous_4)
FN:120,(anonymous_5)
FN:149,(anonymous_6)
FN:202,(anonymous_7)
FN:227,(anonymous_8)
FN:273,(anonymous_9)
FN:311,(anonymous_10)
FN:377,(anonymous_11)
FN:405,(anonymous_12)
FN:437,(anonymous_13)
FN:470,(anonymous_14)
FN:475,(anonymous_15)
FN:489,(anonymous_16)
FN:507,(anonymous_17)
FN:512,(anonymous_18)
FN:526,(anonymous_19)
FN:547,(anonymous_20)
FN:548,(anonymous_21)
FN:558,(anonymous_22)
FN:572,(anonymous_23)
FN:590,(anonymous_24)
FN:617,(anonymous_25)
FNF:26
FNH:0
FNDA:0,(anonymous_0)
FNDA:0,(anonymous_1)
FNDA:0,(anonymous_2)
FNDA:0,(anonymous_3)
FNDA:0,(anonymous_4)
FNDA:0,(anonymous_5)
FNDA:0,(anonymous_6)
FNDA:0,(anonymous_7)
FNDA:0,(anonymous_8)
FNDA:0,(anonymous_9)
FNDA:0,(anonymous_10)
FNDA:0,(anonymous_11)
FNDA:0,(anonymous_12)
FNDA:0,(anonymous_13)
FNDA:0,(anonymous_14)
FNDA:0,(anonymous_15)
FNDA:0,(anonymous_16)
FNDA:0,(anonymous_17)
FNDA:0,(anonymous_18)
FNDA:0,(anonymous_19)
FNDA:0,(anonymous_20)
FNDA:0,(anonymous_21)
FNDA:0,(anonymous_22)
FNDA:0,(anonymous_23)
FNDA:0,(anonymous_24)
FNDA:0,(anonymous_25)
DA:14,0
DA:15,0
DA:16,0
DA:17,0
DA:18,0
DA:19,0
DA:26,0
DA:27,0
DA:28,0
DA:29,0
DA:30,0
DA:31,0
DA:32,0
DA:39,0
DA:40,0
DA:46,0
DA:47,0
DA:48,0
DA:49,0
DA:51,0
DA:53,0
DA:54,0
DA:55,0
DA:56,0
DA:58,0
DA:65,0
DA:66,0
DA:73,0
DA:74,0
DA:75,0
DA:76,0
DA:78,0
DA:81,0
DA:88,0
DA:91,0
DA:92,0
DA:93,0
DA:94,0
DA:95,0
DA:96,0
DA:97,0
DA:100,0
DA:101,0
DA:103,0
DA:104,0
DA:105,0
DA:106,0
DA:108,0
DA:109,0
DA:110,0
DA:111,0
DA:113,0
DA:114,0
DA:122,0
DA:125,0
DA:128,0
DA:131,0
DA:134,0
DA:135,0
DA:136,0
DA:139,0
DA:140,0
DA:143,0
DA:150,0
DA:153,0
DA:154,0
DA:155,0
DA:156,0
DA:157,0
DA:158,0
DA:159,0
DA:162,0
DA:166,0
DA:167,0
DA:168,0
DA:169,0
DA:173,0
DA:174,0
DA:175,0
DA:176,0
DA:177,0
DA:178,0
DA:181,0
DA:182,0
DA:184,0
DA:185,0
DA:186,0
DA:187,0
DA:188,0
DA:191,0
DA:192,0
DA:193,0
DA:195,0
DA:196,0
DA:203,0
DA:206,0
DA:207,0
DA:208,0
DA:209,0
DA:210,0
DA:211,0
DA:214,0
DA:215,0
DA:216,0
DA:217,0
DA:218,0
DA:219,0
DA:221,0
DA:228,0
DA:231,0
DA:232,0
DA:233,0
DA:234,0
DA:235,0
DA:236,0
DA:239,0
DA:240,0
DA:241,0
DA:242,0
DA:243,0
DA:244,0
DA:245,0
DA:248,0
DA:252,0
DA:253,0
DA:255,0
DA:259,0
DA:260,0
DA:262,0
DA:263,0
DA:264,0
DA:266,0
DA:267,0
DA:274,0
DA:277,0
DA:278,0
DA:279,0
DA:280,0
DA:281,0
DA:282,0
DA:285,0
DA:286,0
DA:287,0
DA:288,0
DA:289,0
DA:290,0
DA:291,0
DA:294,0
DA:295,0
DA:296,0
DA:297,0
DA:298,0
DA:300,0
DA:301,0
DA:302,0
DA:304,0
DA:305,0
DA:313,0
DA:327,0
DA:328,0
DA:330,0
DA:331,0
DA:332,0
DA:333,0
DA:334,0
DA:339,0
DA:346,0
DA:347,0
DA:348,0
DA:352,0
DA:353,0
DA:354,0
DA:355,0
DA:356,0
DA:359,0
DA:360,0
DA:361,0
DA:362,0
DA:363,0
DA:367,0
DA:368,0
DA:369,0
DA:379,0
DA:380,0
DA:381,0
DA:384,0
DA:386,0
DA:387,0
DA:389,0
DA:395,0
DA:396,0
DA:397,0
DA:407,0
DA:414,0
DA:415,0
DA:419,0
DA:424,0
DA:425,0
DA:429,0
DA:430,0
DA:431,0
DA:438,0
DA:441,0
DA:442,0
DA:443,0
DA:444,0
DA:445,0
DA:446,0
DA:449,0
DA:450,0
DA:451,0
DA:452,0
DA:453,0
DA:454,0
DA:455,0
DA:457,0
DA:458,0
DA:459,0
DA:460,0
DA:471,0
DA:472,0
DA:473,0
DA:476,0
DA:477,0
DA:478,0
DA:482,0
DA:483,0
DA:490,0
DA:491,0
DA:492,0
DA:493,0
DA:494,0
DA:495,0
DA:496,0
DA:497,0
DA:508,0
DA:509,0
DA:510,0
DA:513,0
DA:514,0
DA:515,0
DA:519,0
DA:520,0
DA:527,0
DA:528,0
DA:533,0
DA:534,0
DA:535,0
DA:536,0
DA:537,0
DA:551,0
DA:552,0
DA:560,0
DA:561,0
DA:562,0
DA:565,0
DA:566,0
DA:573,0
DA:574,0
DA:575,0
DA:577,0
DA:578,0
DA:579,0
DA:581,0
DA:582,0
DA:584,0
DA:591,0
DA:592,0
DA:594,0
DA:595,0
DA:600,0
DA:601,0
DA:603,0
DA:606,0
DA:607,0
DA:610,0
DA:611,0
DA:619,0
DA:620,0
DA:624,0
DA:625,0
LF:281
LH:0
BRDA:185,0,0,0
BRDA:185,0,1,0
BRDA:273,1,0,0
BRDA:330,2,0,0
BRDA:330,2,1,0
BRDA:368,3,0,0
BRDA:368,3,1,0
BRDA:396,4,0,0
BRDA:396,4,1,0
BRDA:600,5,0,0
BRDA:600,5,1,0
BRF:11
BRH:0
end_of_record
